#
# There is insufficient memory for the Java Runtime Environment to continue.
# Native memory allocation (malloc) failed to allocate 2062256 bytes for Chunk::new
# Possible reasons:
#   The system is out of physical RAM or swap space
#   The process is running with CompressedOops enabled, and the Java Heap may be blocking the growth of the native heap
# Possible solutions:
#   Reduce memory load on the system
#   Increase physical memory or swap space
#   Check if swap backing store is full
#   Decrease Java heap size (-Xmx/-Xms)
#   Decrease number of Java threads
#   Decrease Java thread stack sizes (-Xss)
#   Set larger code cache with -XX:ReservedCodeCacheSize=
#   JVM is running with Unscaled Compressed Oops mode in which the Java heap is
#     placed in the first 4GB address space. The Java Heap base address is the
#     maximum limit for the native heap growth. Please use -XX:HeapBaseMinAddress
#     to set the Java Heap base and to place the Java Heap above 4GB virtual address.
# This output file may be truncated or incomplete.
#
#  Out of Memory Error (arena.cpp:191), pid=25172, tid=21264
#
# JRE version: OpenJDK Runtime Environment (17.0.10) (build 17.0.10+0--11572160)
# Java VM: OpenJDK 64-Bit Server VM (17.0.10+0--11572160, mixed mode, tiered, compressed oops, compressed class ptrs, g1 gc, windows-amd64)
# No core dump will be written. Minidumps are not enabled by default on client versions of Windows
#

---------------  S U M M A R Y ------------

Command Line: --add-opens=java.base/java.util=ALL-UNNAMED --add-opens=java.base/java.lang=ALL-UNNAMED --add-opens=java.base/java.lang.invoke=ALL-UNNAMED --add-opens=java.prefs/java.util.prefs=ALL-UNNAMED --add-opens=java.base/java.nio.charset=ALL-UNNAMED --add-opens=java.base/java.net=ALL-UNNAMED --add-opens=java.base/java.util.concurrent.atomic=ALL-UNNAMED -Xmx2048m -Dfile.encoding=UTF-8 -Duser.country=CL -Duser.language=es -Duser.variant -javaagent:C:\Users\lirag\.gradle\wrapper\dists\gradle-8.6-bin\afr5mpiioh2wthjmwnkmdsd5w\gradle-8.6\lib\agents\gradle-instrumentation-agent-8.6.jar org.gradle.launcher.daemon.bootstrap.GradleDaemon 8.6

Host: 11th Gen Intel(R) Core(TM) i7-11800H @ 2.30GHz, 16 cores, 7G,  Windows 11 , 64 bit Build 22621 (10.0.22621.3672)
Time: Mon Jun 24 19:02:09 2024 Hora est. Sudamérica Pacífico elapsed time: 13.965761 seconds (0d 0h 0m 13s)

---------------  T H R E A D  ---------------

Current thread (0x0000026bca2021f0):  JavaThread "C2 CompilerThread0" daemon [_thread_in_native, id=21264, stack(0x000000975c500000,0x000000975c600000)]


Current CompileTask:
C2:  13965 8179       4       java.net.URLClassLoader$1::run (5 bytes)

Stack: [0x000000975c500000,0x000000975c600000]
Native frames: (J=compiled Java code, j=interpreted, Vv=VM code, C=native code)
V  [jvm.dll+0x688e89]
V  [jvm.dll+0x84247a]
V  [jvm.dll+0x8440be]
V  [jvm.dll+0x844723]
V  [jvm.dll+0x24be0f]
V  [jvm.dll+0xac524]
V  [jvm.dll+0xacb6c]
V  [jvm.dll+0x36bd12]
V  [jvm.dll+0x33615a]
V  [jvm.dll+0x3355fa]
V  [jvm.dll+0x21daa1]
V  [jvm.dll+0x21cec1]
V  [jvm.dll+0x1a60ad]
V  [jvm.dll+0x22cd78]
V  [jvm.dll+0x22aeb0]
V  [jvm.dll+0x7f6917]
V  [jvm.dll+0x7f0d1a]
V  [jvm.dll+0x687d05]
C  [ucrtbase.dll+0x29333]
C  [KERNEL32.DLL+0x1257d]
C  [ntdll.dll+0x5af28]


---------------  P R O C E S S  ---------------

Threads class SMR info:
_java_thread_list=0x0000026bd2970da0, length=60, elements={
0x0000026baf749640, 0x0000026bca1a6b50, 0x0000026bca1ab720, 0x0000026bca1f0280,
0x0000026bca1f0c50, 0x0000026bca1f5630, 0x0000026bca1f94f0, 0x0000026bca2021f0,
0x0000026bca202bf0, 0x0000026bca205de0, 0x0000026bc9ffed10, 0x0000026bca485830,
0x0000026bcf942d90, 0x0000026bd0263800, 0x0000026bcfbee480, 0x0000026bcfce5ef0,
0x0000026bd02b3bc0, 0x0000026bcfb1aef0, 0x0000026bcfb1be20, 0x0000026bcfb195a0,
0x0000026bcfb19fc0, 0x0000026bcfb19090, 0x0000026bcfb1a9e0, 0x0000026bcfb19ab0,
0x0000026bcfb1b400, 0x0000026bcfb1b910, 0x0000026bcfb1c330, 0x0000026bcfb1c840,
0x0000026bd0893500, 0x0000026bd08925d0, 0x0000026bd0892ae0, 0x0000026bd0894430,
0x0000026bd088f330, 0x0000026bd088f840, 0x0000026bd0893a10, 0x0000026bd0892ff0,
0x0000026bd0d5e2a0, 0x0000026bd0891190, 0x0000026bd088fd50, 0x0000026bd0894940,
0x0000026bd0d5d800, 0x0000026bd0d5c2c0, 0x0000026bd08916a0, 0x0000026bd0894e50,
0x0000026bd0895870, 0x0000026bd0890260, 0x0000026bd0895d80, 0x0000026bd0891bb0,
0x0000026bd088e910, 0x0000026bd0896290, 0x0000026bd0890770, 0x0000026bd088ee20,
0x0000026bd08920c0, 0x0000026bd0890c80, 0x0000026bcf5d8a70, 0x0000026bcf5d8f80,
0x0000026bcf5dbd10, 0x0000026bcf5d9490, 0x0000026bcf5df4c0, 0x0000026bd0d5a2e0
}

Java Threads: ( => current thread )
  0x0000026baf749640 JavaThread "main" [_thread_blocked, id=12856, stack(0x000000975b800000,0x000000975b900000)]
  0x0000026bca1a6b50 JavaThread "Reference Handler" daemon [_thread_blocked, id=29228, stack(0x000000975bf00000,0x000000975c000000)]
  0x0000026bca1ab720 JavaThread "Finalizer" daemon [_thread_blocked, id=3964, stack(0x000000975c000000,0x000000975c100000)]
  0x0000026bca1f0280 JavaThread "Signal Dispatcher" daemon [_thread_blocked, id=30348, stack(0x000000975c100000,0x000000975c200000)]
  0x0000026bca1f0c50 JavaThread "Attach Listener" daemon [_thread_blocked, id=19864, stack(0x000000975c200000,0x000000975c300000)]
  0x0000026bca1f5630 JavaThread "Service Thread" daemon [_thread_blocked, id=20116, stack(0x000000975c300000,0x000000975c400000)]
  0x0000026bca1f94f0 JavaThread "Monitor Deflation Thread" daemon [_thread_blocked, id=17548, stack(0x000000975c400000,0x000000975c500000)]
=>0x0000026bca2021f0 JavaThread "C2 CompilerThread0" daemon [_thread_in_native, id=21264, stack(0x000000975c500000,0x000000975c600000)]
  0x0000026bca202bf0 JavaThread "C1 CompilerThread0" daemon [_thread_blocked, id=6628, stack(0x000000975c600000,0x000000975c700000)]
  0x0000026bca205de0 JavaThread "Sweeper thread" daemon [_thread_blocked, id=23064, stack(0x000000975c700000,0x000000975c800000)]
  0x0000026bc9ffed10 JavaThread "Common-Cleaner" daemon [_thread_blocked, id=10016, stack(0x000000975c800000,0x000000975c900000)]
  0x0000026bca485830 JavaThread "Notification Thread" daemon [_thread_blocked, id=5240, stack(0x000000975c900000,0x000000975ca00000)]
  0x0000026bcf942d90 JavaThread "Daemon health stats" [_thread_blocked, id=33568, stack(0x000000975cf00000,0x000000975d000000)]
  0x0000026bd0263800 JavaThread "Incoming local TCP Connector on port 65312" [_thread_in_native, id=18804, stack(0x000000975d000000,0x000000975d100000)]
  0x0000026bcfbee480 JavaThread "Daemon periodic checks" [_thread_blocked, id=30412, stack(0x000000975d100000,0x000000975d200000)]
  0x0000026bcfce5ef0 JavaThread "Daemon" [_thread_blocked, id=20292, stack(0x000000975d200000,0x000000975d300000)]
  0x0000026bd02b3bc0 JavaThread "Handler for socket connection from /127.0.0.1:65312 to /127.0.0.1:65313" [_thread_in_native, id=2732, stack(0x000000975d300000,0x000000975d400000)]
  0x0000026bcfb1aef0 JavaThread "Cancel handler" [_thread_blocked, id=5196, stack(0x000000975d400000,0x000000975d500000)]
  0x0000026bcfb1be20 JavaThread "Daemon worker" [_thread_in_vm, id=31760, stack(0x000000975d500000,0x000000975d600000)]
  0x0000026bcfb195a0 JavaThread "Asynchronous log dispatcher for DefaultDaemonConnection: socket connection from /127.0.0.1:65312 to /127.0.0.1:65313" [_thread_blocked, id=27484, stack(0x000000975d600000,0x000000975d700000)]
  0x0000026bcfb19fc0 JavaThread "Stdin handler" [_thread_blocked, id=33748, stack(0x000000975d700000,0x000000975d800000)]
  0x0000026bcfb19090 JavaThread "Daemon client event forwarder" [_thread_blocked, id=14524, stack(0x000000975d800000,0x000000975d900000)]
  0x0000026bcfb1a9e0 JavaThread "Cache worker for journal cache (C:\Users\lirag\.gradle\caches\journal-1)" [_thread_blocked, id=14888, stack(0x000000975e300000,0x000000975e400000)]
  0x0000026bcfb19ab0 JavaThread "File lock request listener" [_thread_in_native, id=21116, stack(0x000000975e400000,0x000000975e500000)]
  0x0000026bcfb1b400 JavaThread "Cache worker for file hash cache (C:\Users\lirag\.gradle\caches\8.6\fileHashes)" [_thread_blocked, id=29152, stack(0x000000975e500000,0x000000975e600000)]
  0x0000026bcfb1b910 JavaThread "File watcher server" daemon [_thread_in_native, id=19668, stack(0x000000975e600000,0x000000975e700000)]
  0x0000026bcfb1c330 JavaThread "File watcher consumer" daemon [_thread_blocked, id=5172, stack(0x000000975e700000,0x000000975e800000)]
  0x0000026bcfb1c840 JavaThread "Cache worker for checksums cache (C:\Users\lirag\AndroidStudioProjects\AlkeWalletModulo6\.gradle\8.6\checksums)" [_thread_blocked, id=20172, stack(0x000000975e800000,0x000000975e900000)]
  0x0000026bd0893500 JavaThread "Cache worker for file hash cache (C:\Users\lirag\AndroidStudioProjects\AlkeWalletModulo6\.gradle\8.6\fileHashes)" [_thread_blocked, id=33312, stack(0x000000975e900000,0x000000975ea00000)]
  0x0000026bd08925d0 JavaThread "Cache worker for cache directory md-supplier (C:\Users\lirag\.gradle\caches\8.6\md-supplier)" [_thread_blocked, id=996, stack(0x000000975ea00000,0x000000975eb00000)]
  0x0000026bd0892ae0 JavaThread "Cache worker for cache directory md-rule (C:\Users\lirag\.gradle\caches\8.6\md-rule)" [_thread_blocked, id=27812, stack(0x000000975eb00000,0x000000975ec00000)]
  0x0000026bd0894430 JavaThread "Cache worker for file content cache (C:\Users\lirag\.gradle\caches\8.6\fileContent)" [_thread_blocked, id=25952, stack(0x000000975ec00000,0x000000975ed00000)]
  0x0000026bd088f330 JavaThread "jar transforms" [_thread_blocked, id=21052, stack(0x000000975ed00000,0x000000975ee00000)]
  0x0000026bd088f840 JavaThread "jar transforms Thread 2" [_thread_blocked, id=6424, stack(0x000000975ee00000,0x000000975ef00000)]
  0x0000026bd0893a10 JavaThread "jar transforms Thread 3" [_thread_blocked, id=4116, stack(0x000000975ef00000,0x000000975f000000)]
  0x0000026bd0892ff0 JavaThread "jar transforms Thread 4" [_thread_blocked, id=4604, stack(0x000000975f000000,0x000000975f100000)]
  0x0000026bd0d5e2a0 JavaThread "C1 CompilerThread1" daemon [_thread_blocked, id=17272, stack(0x000000975f100000,0x000000975f200000)]
  0x0000026bd0891190 JavaThread "Cache worker for Build Output Cleanup Cache (C:\Users\lirag\AndroidStudioProjects\AlkeWalletModulo6\.gradle\buildOutputCleanup)" [_thread_blocked, id=472, stack(0x000000975f200000,0x000000975f300000)]
  0x0000026bd088fd50 JavaThread "jar transforms Thread 5" [_thread_blocked, id=15020, stack(0x000000975f300000,0x000000975f400000)]
  0x0000026bd0894940 JavaThread "jar transforms Thread 6" [_thread_blocked, id=27180, stack(0x000000975f400000,0x000000975f500000)]
  0x0000026bd0d5d800 JavaThread "C1 CompilerThread2" daemon [_thread_blocked, id=24180, stack(0x000000975f700000,0x000000975f800000)]
  0x0000026bd0d5c2c0 JavaThread "C1 CompilerThread3" daemon [_thread_blocked, id=20456, stack(0x000000975f900000,0x000000975fa00000)]
  0x0000026bd08916a0 JavaThread "Unconstrained build operations" [_thread_blocked, id=32624, stack(0x000000975fa00000,0x000000975fb00000)]
  0x0000026bd0894e50 JavaThread "Unconstrained build operations Thread 2" [_thread_blocked, id=12428, stack(0x000000975fb00000,0x000000975fc00000)]
  0x0000026bd0895870 JavaThread "Unconstrained build operations Thread 3" [_thread_blocked, id=9052, stack(0x000000975fc00000,0x000000975fd00000)]
  0x0000026bd0890260 JavaThread "Unconstrained build operations Thread 4" [_thread_blocked, id=33580, stack(0x000000975fd00000,0x000000975fe00000)]
  0x0000026bd0895d80 JavaThread "Unconstrained build operations Thread 5" [_thread_blocked, id=7032, stack(0x000000975fe00000,0x000000975ff00000)]
  0x0000026bd0891bb0 JavaThread "Unconstrained build operations Thread 6" [_thread_blocked, id=14436, stack(0x000000975ff00000,0x0000009760000000)]
  0x0000026bd088e910 JavaThread "Unconstrained build operations Thread 7" [_thread_blocked, id=29028, stack(0x0000009760000000,0x0000009760100000)]
  0x0000026bd0896290 JavaThread "Unconstrained build operations Thread 8" [_thread_blocked, id=12744, stack(0x0000009760100000,0x0000009760200000)]
  0x0000026bd0890770 JavaThread "Unconstrained build operations Thread 9" [_thread_blocked, id=17508, stack(0x0000009760200000,0x0000009760300000)]
  0x0000026bd088ee20 JavaThread "Unconstrained build operations Thread 10" [_thread_blocked, id=31252, stack(0x0000009760300000,0x0000009760400000)]
  0x0000026bd08920c0 JavaThread "Unconstrained build operations Thread 11" [_thread_blocked, id=29144, stack(0x0000009760400000,0x0000009760500000)]
  0x0000026bd0890c80 JavaThread "Unconstrained build operations Thread 12" [_thread_blocked, id=31956, stack(0x0000009760500000,0x0000009760600000)]
  0x0000026bcf5d8a70 JavaThread "Unconstrained build operations Thread 13" [_thread_blocked, id=25008, stack(0x0000009760600000,0x0000009760700000)]
  0x0000026bcf5d8f80 JavaThread "Unconstrained build operations Thread 14" [_thread_blocked, id=24312, stack(0x0000009760700000,0x0000009760800000)]
  0x0000026bcf5dbd10 JavaThread "Unconstrained build operations Thread 15" [_thread_blocked, id=33412, stack(0x0000009760800000,0x0000009760900000)]
  0x0000026bcf5d9490 JavaThread "jar transforms Thread 7" [_thread_blocked, id=16420, stack(0x0000009760900000,0x0000009760a00000)]
  0x0000026bcf5df4c0 JavaThread "jar transforms Thread 8" [_thread_blocked, id=20168, stack(0x0000009760a00000,0x0000009760b00000)]
  0x0000026bd0d5a2e0 JavaThread "C2 CompilerThread1" daemon [_thread_in_native, id=11612, stack(0x000000975f500000,0x000000975f600000)]

Other Threads:
  0x0000026bca1a5610 VMThread "VM Thread" [stack: 0x000000975be00000,0x000000975bf00000] [id=22572]
  0x0000026bca4e0270 WatcherThread [stack: 0x000000975ca00000,0x000000975cb00000] [id=33300]
  0x0000026baf7a77e0 GCTaskThread "GC Thread#0" [stack: 0x000000975b900000,0x000000975ba00000] [id=4856]
  0x0000026bcf120e80 GCTaskThread "GC Thread#1" [stack: 0x000000975cb00000,0x000000975cc00000] [id=3660]
  0x0000026bcad6a480 GCTaskThread "GC Thread#2" [stack: 0x000000975cc00000,0x000000975cd00000] [id=30264]
  0x0000026bcf0b7c70 GCTaskThread "GC Thread#3" [stack: 0x000000975cd00000,0x000000975ce00000] [id=19036]
  0x0000026bcf0e1380 GCTaskThread "GC Thread#4" [stack: 0x000000975ce00000,0x000000975cf00000] [id=31420]
  0x0000026bd0216cb0 GCTaskThread "GC Thread#5" [stack: 0x000000975d900000,0x000000975da00000] [id=13124]
  0x0000026bcfe3c030 GCTaskThread "GC Thread#6" [stack: 0x000000975da00000,0x000000975db00000] [id=24040]
  0x0000026bd01e4bd0 GCTaskThread "GC Thread#7" [stack: 0x000000975db00000,0x000000975dc00000] [id=29416]
  0x0000026bd02146a0 GCTaskThread "GC Thread#8" [stack: 0x000000975dc00000,0x000000975dd00000] [id=21000]
  0x0000026bd0271350 GCTaskThread "GC Thread#9" [stack: 0x000000975dd00000,0x000000975de00000] [id=16060]
  0x0000026bd026bb80 GCTaskThread "GC Thread#10" [stack: 0x000000975de00000,0x000000975df00000] [id=27168]
  0x0000026bcfd22070 GCTaskThread "GC Thread#11" [stack: 0x000000975df00000,0x000000975e000000] [id=4964]
  0x0000026bcfdf9ab0 GCTaskThread "GC Thread#12" [stack: 0x000000975e000000,0x000000975e100000] [id=5236]
  0x0000026baf7b8060 ConcurrentGCThread "G1 Main Marker" [stack: 0x000000975ba00000,0x000000975bb00000] [id=3992]
  0x0000026baf7b8a80 ConcurrentGCThread "G1 Conc#0" [stack: 0x000000975bb00000,0x000000975bc00000] [id=30568]
  0x0000026bd00b6b60 ConcurrentGCThread "G1 Conc#1" [stack: 0x000000975e100000,0x000000975e200000] [id=31428]
  0x0000026bd00b6060 ConcurrentGCThread "G1 Conc#2" [stack: 0x000000975e200000,0x000000975e300000] [id=14820]
  0x0000026baf7ee960 ConcurrentGCThread "G1 Refine#0" [stack: 0x000000975bc00000,0x000000975bd00000] [id=23440]
  0x0000026bc9ec4e00 ConcurrentGCThread "G1 Service" [stack: 0x000000975bd00000,0x000000975be00000] [id=13616]

Threads with active compile tasks:
C2 CompilerThread0    14007 8179       4       java.net.URLClassLoader$1::run (5 bytes)
C2 CompilerThread1    14007 8180   !   4       java.net.URLClassLoader$1::run (81 bytes)

VM state: not at safepoint (normal execution)

VM Mutex/Monitor currently owned by a thread: None

Heap address: 0x0000000080000000, size: 2048 MB, Compressed Oops mode: 32-bit

CDS archive(s) not mapped
Compressed class space mapped at: 0x0000000100000000-0x0000000140000000, reserved size: 1073741824
Narrow klass base: 0x0000000000000000, Narrow klass shift: 3, Narrow klass range: 0x140000000

GC Precious Log:
 CPUs: 16 total, 16 available
 Memory: 7829M
 Large Page Support: Disabled
 NUMA Support: Disabled
 Compressed Oops: Enabled (32-bit)
 Heap Region Size: 1M
 Heap Min Capacity: 8M
 Heap Initial Capacity: 124M
 Heap Max Capacity: 2G
 Pre-touch: Disabled
 Parallel Workers: 13
 Concurrent Workers: 3
 Concurrent Refinement Workers: 13
 Periodic GC: Disabled

Heap:
 garbage-first heap   total 164864K, used 107171K [0x0000000080000000, 0x0000000100000000)
  region size 1024K, 41 young (41984K), 1 survivors (1024K)
 Metaspace       used 69226K, committed 69760K, reserved 1114112K
  class space    used 9319K, committed 9600K, reserved 1048576K

Heap Regions: E=young(eden), S=young(survivor), O=old, HS=humongous(starts), HC=humongous(continues), CS=collection set, F=free, OA=open archive, CA=closed archive, TAMS=top-at-mark-start (previous, next)
|   0|0x0000000080000000, 0x0000000080100000, 0x0000000080100000|100%|HS|  |TAMS 0x0000000080100000, 0x0000000080000000| Complete 
|   1|0x0000000080100000, 0x0000000080200000, 0x0000000080200000|100%|HC|  |TAMS 0x0000000080200000, 0x0000000080100000| Complete 
|   2|0x0000000080200000, 0x0000000080300000, 0x0000000080300000|100%|HC|  |TAMS 0x0000000080300000, 0x0000000080200000| Complete 
|   3|0x0000000080300000, 0x0000000080400000, 0x0000000080400000|100%|HC|  |TAMS 0x0000000080400000, 0x0000000080300000| Complete 
|   4|0x0000000080400000, 0x0000000080500000, 0x0000000080500000|100%| O|  |TAMS 0x0000000080500000, 0x0000000080400000| Untracked 
|   5|0x0000000080500000, 0x0000000080600000, 0x0000000080600000|100%| O|  |TAMS 0x0000000080600000, 0x0000000080500000| Untracked 
|   6|0x0000000080600000, 0x0000000080700000, 0x0000000080700000|100%| O|  |TAMS 0x0000000080700000, 0x0000000080600000| Untracked 
|   7|0x0000000080700000, 0x0000000080800000, 0x0000000080800000|100%| O|  |TAMS 0x0000000080800000, 0x0000000080700000| Untracked 
|   8|0x0000000080800000, 0x0000000080900000, 0x0000000080900000|100%| O|  |TAMS 0x0000000080900000, 0x0000000080800000| Untracked 
|   9|0x0000000080900000, 0x0000000080a00000, 0x0000000080a00000|100%| O|  |TAMS 0x0000000080a00000, 0x0000000080900000| Untracked 
|  10|0x0000000080a00000, 0x0000000080ab1200, 0x0000000080b00000| 69%| O|  |TAMS 0x0000000080ab1200, 0x0000000080a00000| Untracked 
|  11|0x0000000080b00000, 0x0000000080c00000, 0x0000000080c00000|100%| O|  |TAMS 0x0000000080c00000, 0x0000000080b00000| Untracked 
|  12|0x0000000080c00000, 0x0000000080d00000, 0x0000000080d00000|100%| O|  |TAMS 0x0000000080d00000, 0x0000000080c00000| Untracked 
|  13|0x0000000080d00000, 0x0000000080e00000, 0x0000000080e00000|100%| O|  |TAMS 0x0000000080e00000, 0x0000000080d00000| Untracked 
|  14|0x0000000080e00000, 0x0000000080f00000, 0x0000000080f00000|100%| O|  |TAMS 0x0000000080f00000, 0x0000000080e00000| Untracked 
|  15|0x0000000080f00000, 0x0000000081000000, 0x0000000081000000|100%| O|  |TAMS 0x0000000081000000, 0x0000000080f00000| Untracked 
|  16|0x0000000081000000, 0x0000000081100000, 0x0000000081100000|100%| O|  |TAMS 0x0000000081100000, 0x0000000081000000| Untracked 
|  17|0x0000000081100000, 0x0000000081200000, 0x0000000081200000|100%| O|  |TAMS 0x0000000081200000, 0x0000000081100000| Untracked 
|  18|0x0000000081200000, 0x0000000081300000, 0x0000000081300000|100%| O|  |TAMS 0x0000000081300000, 0x0000000081200000| Untracked 
|  19|0x0000000081300000, 0x0000000081400000, 0x0000000081400000|100%| O|  |TAMS 0x0000000081400000, 0x0000000081300000| Untracked 
|  20|0x0000000081400000, 0x0000000081500000, 0x0000000081500000|100%| O|  |TAMS 0x0000000081500000, 0x0000000081400000| Untracked 
|  21|0x0000000081500000, 0x0000000081600000, 0x0000000081600000|100%| O|  |TAMS 0x0000000081600000, 0x0000000081500000| Untracked 
|  22|0x0000000081600000, 0x0000000081700000, 0x0000000081700000|100%| O|  |TAMS 0x0000000081700000, 0x0000000081600000| Untracked 
|  23|0x0000000081700000, 0x0000000081800000, 0x0000000081800000|100%|HS|  |TAMS 0x0000000081800000, 0x0000000081700000| Complete 
|  24|0x0000000081800000, 0x0000000081900000, 0x0000000081900000|100%| O|  |TAMS 0x0000000081900000, 0x0000000081800000| Untracked 
|  25|0x0000000081900000, 0x0000000081a00000, 0x0000000081a00000|100%| O|  |TAMS 0x0000000081a00000, 0x0000000081900000| Untracked 
|  26|0x0000000081a00000, 0x0000000081b00000, 0x0000000081b00000|100%| O|  |TAMS 0x0000000081b00000, 0x0000000081a00000| Untracked 
|  27|0x0000000081b00000, 0x0000000081c00000, 0x0000000081c00000|100%| O|  |TAMS 0x0000000081c00000, 0x0000000081b00000| Untracked 
|  28|0x0000000081c00000, 0x0000000081d00000, 0x0000000081d00000|100%| O|  |TAMS 0x0000000081d00000, 0x0000000081c00000| Untracked 
|  29|0x0000000081d00000, 0x0000000081e00000, 0x0000000081e00000|100%| O|  |TAMS 0x0000000081e00000, 0x0000000081d00000| Untracked 
|  30|0x0000000081e00000, 0x0000000081f00000, 0x0000000081f00000|100%| O|  |TAMS 0x0000000081f00000, 0x0000000081e00000| Untracked 
|  31|0x0000000081f00000, 0x0000000082000000, 0x0000000082000000|100%| O|  |TAMS 0x0000000082000000, 0x0000000081f00000| Untracked 
|  32|0x0000000082000000, 0x0000000082100000, 0x0000000082100000|100%| O|  |TAMS 0x0000000082100000, 0x0000000082000000| Untracked 
|  33|0x0000000082100000, 0x0000000082200000, 0x0000000082200000|100%|HS|  |TAMS 0x0000000082100000, 0x0000000082100000| Complete 
|  34|0x0000000082200000, 0x0000000082300000, 0x0000000082300000|100%| O|  |TAMS 0x0000000082300000, 0x0000000082200000| Untracked 
|  35|0x0000000082300000, 0x0000000082400000, 0x0000000082400000|100%| O|  |TAMS 0x0000000082400000, 0x0000000082300000| Untracked 
|  36|0x0000000082400000, 0x0000000082500000, 0x0000000082500000|100%| O|  |TAMS 0x0000000082500000, 0x0000000082400000| Untracked 
|  37|0x0000000082500000, 0x0000000082600000, 0x0000000082600000|100%| O|  |TAMS 0x0000000082600000, 0x0000000082500000| Untracked 
|  38|0x0000000082600000, 0x0000000082700000, 0x0000000082700000|100%| O|  |TAMS 0x0000000082700000, 0x0000000082600000| Untracked 
|  39|0x0000000082700000, 0x0000000082800000, 0x0000000082800000|100%| O|  |TAMS 0x0000000082800000, 0x0000000082700000| Untracked 
|  40|0x0000000082800000, 0x0000000082900000, 0x0000000082900000|100%| O|  |TAMS 0x0000000082900000, 0x0000000082800000| Untracked 
|  41|0x0000000082900000, 0x0000000082a00000, 0x0000000082a00000|100%| O|  |TAMS 0x0000000082a00000, 0x0000000082900000| Untracked 
|  42|0x0000000082a00000, 0x0000000082b00000, 0x0000000082b00000|100%| O|  |TAMS 0x0000000082b00000, 0x0000000082a00000| Complete 
|  43|0x0000000082b00000, 0x0000000082c00000, 0x0000000082c00000|100%| O|  |TAMS 0x0000000082c00000, 0x0000000082b00000| Untracked 
|  44|0x0000000082c00000, 0x0000000082d00000, 0x0000000082d00000|100%| O|  |TAMS 0x0000000082d00000, 0x0000000082c00000| Untracked 
|  45|0x0000000082d00000, 0x0000000082e00000, 0x0000000082e00000|100%| O|  |TAMS 0x0000000082e00000, 0x0000000082d00000| Untracked 
|  46|0x0000000082e00000, 0x0000000082f00000, 0x0000000082f00000|100%|HS|  |TAMS 0x0000000082f00000, 0x0000000082e00000| Complete 
|  47|0x0000000082f00000, 0x0000000083000000, 0x0000000083000000|100%|HS|  |TAMS 0x0000000083000000, 0x0000000082f00000| Complete 
|  48|0x0000000083000000, 0x0000000083100000, 0x0000000083100000|100%|HC|  |TAMS 0x0000000083100000, 0x0000000083000000| Complete 
|  49|0x0000000083100000, 0x0000000083200000, 0x0000000083200000|100%|HS|  |TAMS 0x0000000083200000, 0x0000000083100000| Complete 
|  50|0x0000000083200000, 0x0000000083300000, 0x0000000083300000|100%|HC|  |TAMS 0x0000000083300000, 0x0000000083200000| Complete 
|  51|0x0000000083300000, 0x0000000083400000, 0x0000000083400000|100%|HS|  |TAMS 0x0000000083400000, 0x0000000083300000| Complete 
|  52|0x0000000083400000, 0x0000000083500000, 0x0000000083500000|100%|HS|  |TAMS 0x0000000083500000, 0x0000000083400000| Complete 
|  53|0x0000000083500000, 0x0000000083600000, 0x0000000083600000|100%|HC|  |TAMS 0x0000000083600000, 0x0000000083500000| Complete 
|  54|0x0000000083600000, 0x0000000083700000, 0x0000000083700000|100%|HC|  |TAMS 0x0000000083700000, 0x0000000083600000| Complete 
|  55|0x0000000083700000, 0x0000000083800000, 0x0000000083800000|100%|HC|  |TAMS 0x0000000083800000, 0x0000000083700000| Complete 
|  56|0x0000000083800000, 0x0000000083900000, 0x0000000083900000|100%|HS|  |TAMS 0x0000000083900000, 0x0000000083800000| Complete 
|  57|0x0000000083900000, 0x0000000083a00000, 0x0000000083a00000|100%| O|  |TAMS 0x0000000083a00000, 0x0000000083900000| Untracked 
|  58|0x0000000083a00000, 0x0000000083b00000, 0x0000000083b00000|100%|HS|  |TAMS 0x0000000083b00000, 0x0000000083a00000| Complete 
|  59|0x0000000083b00000, 0x0000000083c00000, 0x0000000083c00000|100%| O|  |TAMS 0x0000000083c00000, 0x0000000083b00000| Untracked 
|  60|0x0000000083c00000, 0x0000000083c00000, 0x0000000083d00000|  0%| F|  |TAMS 0x0000000083c00000, 0x0000000083c00000| Untracked 
|  61|0x0000000083d00000, 0x0000000083d00000, 0x0000000083e00000|  0%| F|  |TAMS 0x0000000083d00000, 0x0000000083d00000| Untracked 
|  62|0x0000000083e00000, 0x0000000083e00000, 0x0000000083f00000|  0%| F|  |TAMS 0x0000000083e00000, 0x0000000083e00000| Untracked 
|  63|0x0000000083f00000, 0x0000000084000000, 0x0000000084000000|100%| O|  |TAMS 0x0000000084000000, 0x0000000083f00000| Untracked 
|  64|0x0000000084000000, 0x0000000084100000, 0x0000000084100000|100%| O|  |TAMS 0x0000000084100000, 0x0000000084000000| Untracked 
|  65|0x0000000084100000, 0x000000008415ea00, 0x0000000084200000| 36%| O|  |TAMS 0x000000008415ea00, 0x0000000084100000| Untracked 
|  66|0x0000000084200000, 0x0000000084200000, 0x0000000084300000|  0%| F|  |TAMS 0x0000000084200000, 0x0000000084200000| Untracked 
|  67|0x0000000084300000, 0x0000000084300000, 0x0000000084400000|  0%| F|  |TAMS 0x0000000084300000, 0x0000000084300000| Untracked 
|  68|0x0000000084400000, 0x0000000084400000, 0x0000000084500000|  0%| F|  |TAMS 0x0000000084400000, 0x0000000084400000| Untracked 
|  69|0x0000000084500000, 0x0000000084500000, 0x0000000084600000|  0%| F|  |TAMS 0x0000000084500000, 0x0000000084500000| Untracked 
|  70|0x0000000084600000, 0x0000000084600000, 0x0000000084700000|  0%| F|  |TAMS 0x0000000084600000, 0x0000000084600000| Untracked 
|  71|0x0000000084700000, 0x0000000084700000, 0x0000000084800000|  0%| F|  |TAMS 0x0000000084700000, 0x0000000084700000| Untracked 
|  72|0x0000000084800000, 0x0000000084800000, 0x0000000084900000|  0%| F|  |TAMS 0x0000000084800000, 0x0000000084800000| Untracked 
|  73|0x0000000084900000, 0x0000000084900000, 0x0000000084a00000|  0%| F|  |TAMS 0x0000000084900000, 0x0000000084900000| Untracked 
|  74|0x0000000084a00000, 0x0000000084a00000, 0x0000000084b00000|  0%| F|  |TAMS 0x0000000084a00000, 0x0000000084a00000| Untracked 
|  75|0x0000000084b00000, 0x0000000084b99038, 0x0000000084c00000| 59%| S|CS|TAMS 0x0000000084b00000, 0x0000000084b00000| Complete 
|  76|0x0000000084c00000, 0x0000000084c00000, 0x0000000084d00000|  0%| F|  |TAMS 0x0000000084c00000, 0x0000000084c00000| Untracked 
|  77|0x0000000084d00000, 0x0000000084d00000, 0x0000000084e00000|  0%| F|  |TAMS 0x0000000084d00000, 0x0000000084d00000| Untracked 
|  78|0x0000000084e00000, 0x0000000084e00000, 0x0000000084f00000|  0%| F|  |TAMS 0x0000000084e00000, 0x0000000084e00000| Untracked 
|  79|0x0000000084f00000, 0x0000000084f00000, 0x0000000085000000|  0%| F|  |TAMS 0x0000000084f00000, 0x0000000084f00000| Untracked 
|  80|0x0000000085000000, 0x0000000085000000, 0x0000000085100000|  0%| F|  |TAMS 0x0000000085000000, 0x0000000085000000| Untracked 
|  81|0x0000000085100000, 0x0000000085100000, 0x0000000085200000|  0%| F|  |TAMS 0x0000000085100000, 0x0000000085100000| Untracked 
|  82|0x0000000085200000, 0x0000000085200000, 0x0000000085300000|  0%| F|  |TAMS 0x0000000085200000, 0x0000000085200000| Untracked 
|  83|0x0000000085300000, 0x0000000085300000, 0x0000000085400000|  0%| F|  |TAMS 0x0000000085300000, 0x0000000085300000| Untracked 
|  84|0x0000000085400000, 0x0000000085400000, 0x0000000085500000|  0%| F|  |TAMS 0x0000000085400000, 0x0000000085400000| Untracked 
|  85|0x0000000085500000, 0x0000000085500000, 0x0000000085600000|  0%| F|  |TAMS 0x0000000085500000, 0x0000000085500000| Untracked 
|  86|0x0000000085600000, 0x0000000085600000, 0x0000000085700000|  0%| F|  |TAMS 0x0000000085600000, 0x0000000085600000| Untracked 
|  87|0x0000000085700000, 0x0000000085700000, 0x0000000085800000|  0%| F|  |TAMS 0x0000000085700000, 0x0000000085700000| Untracked 
|  88|0x0000000085800000, 0x0000000085800000, 0x0000000085900000|  0%| F|  |TAMS 0x0000000085800000, 0x0000000085800000| Untracked 
|  89|0x0000000085900000, 0x0000000085900000, 0x0000000085a00000|  0%| F|  |TAMS 0x0000000085900000, 0x0000000085900000| Untracked 
|  90|0x0000000085a00000, 0x0000000085a00000, 0x0000000085b00000|  0%| F|  |TAMS 0x0000000085a00000, 0x0000000085a00000| Untracked 
|  91|0x0000000085b00000, 0x0000000085b00000, 0x0000000085c00000|  0%| F|  |TAMS 0x0000000085b00000, 0x0000000085b00000| Untracked 
|  92|0x0000000085c00000, 0x0000000085c00000, 0x0000000085d00000|  0%| F|  |TAMS 0x0000000085c00000, 0x0000000085c00000| Untracked 
|  93|0x0000000085d00000, 0x0000000085d00000, 0x0000000085e00000|  0%| F|  |TAMS 0x0000000085d00000, 0x0000000085d00000| Untracked 
|  94|0x0000000085e00000, 0x0000000085e00000, 0x0000000085f00000|  0%| F|  |TAMS 0x0000000085e00000, 0x0000000085e00000| Untracked 
|  95|0x0000000085f00000, 0x0000000085f00000, 0x0000000086000000|  0%| F|  |TAMS 0x0000000085f00000, 0x0000000085f00000| Untracked 
|  96|0x0000000086000000, 0x0000000086000000, 0x0000000086100000|  0%| F|  |TAMS 0x0000000086000000, 0x0000000086000000| Untracked 
|  97|0x0000000086100000, 0x0000000086100000, 0x0000000086200000|  0%| F|  |TAMS 0x0000000086100000, 0x0000000086100000| Untracked 
|  98|0x0000000086200000, 0x0000000086200000, 0x0000000086300000|  0%| F|  |TAMS 0x0000000086200000, 0x0000000086200000| Untracked 
|  99|0x0000000086300000, 0x0000000086300000, 0x0000000086400000|  0%| F|  |TAMS 0x0000000086300000, 0x0000000086300000| Untracked 
| 100|0x0000000086400000, 0x0000000086400000, 0x0000000086500000|  0%| F|  |TAMS 0x0000000086400000, 0x0000000086400000| Untracked 
| 101|0x0000000086500000, 0x0000000086500000, 0x0000000086600000|  0%| F|  |TAMS 0x0000000086500000, 0x0000000086500000| Untracked 
| 102|0x0000000086600000, 0x0000000086600000, 0x0000000086700000|  0%| F|  |TAMS 0x0000000086600000, 0x0000000086600000| Untracked 
| 103|0x0000000086700000, 0x0000000086700000, 0x0000000086800000|  0%| F|  |TAMS 0x0000000086700000, 0x0000000086700000| Untracked 
| 104|0x0000000086800000, 0x0000000086800000, 0x0000000086900000|  0%| F|  |TAMS 0x0000000086800000, 0x0000000086800000| Untracked 
| 105|0x0000000086900000, 0x0000000086900000, 0x0000000086a00000|  0%| F|  |TAMS 0x0000000086900000, 0x0000000086900000| Untracked 
| 106|0x0000000086a00000, 0x0000000086a00000, 0x0000000086b00000|  0%| F|  |TAMS 0x0000000086a00000, 0x0000000086a00000| Untracked 
| 107|0x0000000086b00000, 0x0000000086b00000, 0x0000000086c00000|  0%| F|  |TAMS 0x0000000086b00000, 0x0000000086b00000| Untracked 
| 108|0x0000000086c00000, 0x0000000086c00000, 0x0000000086d00000|  0%| F|  |TAMS 0x0000000086c00000, 0x0000000086c00000| Untracked 
| 109|0x0000000086d00000, 0x0000000086d00000, 0x0000000086e00000|  0%| F|  |TAMS 0x0000000086d00000, 0x0000000086d00000| Untracked 
| 110|0x0000000086e00000, 0x0000000086e00000, 0x0000000086f00000|  0%| F|  |TAMS 0x0000000086e00000, 0x0000000086e00000| Untracked 
| 111|0x0000000086f00000, 0x0000000086f00000, 0x0000000087000000|  0%| F|  |TAMS 0x0000000086f00000, 0x0000000086f00000| Untracked 
| 112|0x0000000087000000, 0x0000000087000000, 0x0000000087100000|  0%| F|  |TAMS 0x0000000087000000, 0x0000000087000000| Untracked 
| 113|0x0000000087100000, 0x0000000087100000, 0x0000000087200000|  0%| F|  |TAMS 0x0000000087100000, 0x0000000087100000| Untracked 
| 114|0x0000000087200000, 0x0000000087200000, 0x0000000087300000|  0%| F|  |TAMS 0x0000000087200000, 0x0000000087200000| Untracked 
| 115|0x0000000087300000, 0x0000000087300000, 0x0000000087400000|  0%| F|  |TAMS 0x0000000087300000, 0x0000000087300000| Untracked 
| 116|0x0000000087400000, 0x0000000087400000, 0x0000000087500000|  0%| F|  |TAMS 0x0000000087400000, 0x0000000087400000| Untracked 
| 117|0x0000000087500000, 0x0000000087500000, 0x0000000087600000|  0%| F|  |TAMS 0x0000000087500000, 0x0000000087500000| Untracked 
| 118|0x0000000087600000, 0x0000000087683ab0, 0x0000000087700000| 51%| E|  |TAMS 0x0000000087600000, 0x0000000087600000| Complete 
| 119|0x0000000087700000, 0x0000000087800000, 0x0000000087800000|100%| E|CS|TAMS 0x0000000087700000, 0x0000000087700000| Complete 
| 120|0x0000000087800000, 0x0000000087900000, 0x0000000087900000|100%| E|CS|TAMS 0x0000000087800000, 0x0000000087800000| Complete 
| 121|0x0000000087900000, 0x0000000087a00000, 0x0000000087a00000|100%| E|CS|TAMS 0x0000000087900000, 0x0000000087900000| Complete 
| 122|0x0000000087a00000, 0x0000000087b00000, 0x0000000087b00000|100%| E|CS|TAMS 0x0000000087a00000, 0x0000000087a00000| Complete 
| 123|0x0000000087b00000, 0x0000000087c00000, 0x0000000087c00000|100%| E|CS|TAMS 0x0000000087b00000, 0x0000000087b00000| Complete 
| 124|0x0000000087c00000, 0x0000000087d00000, 0x0000000087d00000|100%| E|CS|TAMS 0x0000000087c00000, 0x0000000087c00000| Complete 
| 125|0x0000000087d00000, 0x0000000087e00000, 0x0000000087e00000|100%| E|CS|TAMS 0x0000000087d00000, 0x0000000087d00000| Complete 
| 126|0x0000000087e00000, 0x0000000087f00000, 0x0000000087f00000|100%| E|CS|TAMS 0x0000000087e00000, 0x0000000087e00000| Complete 
| 127|0x0000000087f00000, 0x0000000088000000, 0x0000000088000000|100%| E|CS|TAMS 0x0000000087f00000, 0x0000000087f00000| Complete 
| 128|0x0000000088000000, 0x0000000088100000, 0x0000000088100000|100%| E|CS|TAMS 0x0000000088000000, 0x0000000088000000| Complete 
| 129|0x0000000088100000, 0x0000000088200000, 0x0000000088200000|100%| E|CS|TAMS 0x0000000088100000, 0x0000000088100000| Complete 
| 130|0x0000000088200000, 0x0000000088300000, 0x0000000088300000|100%| E|CS|TAMS 0x0000000088200000, 0x0000000088200000| Complete 
| 131|0x0000000088300000, 0x0000000088400000, 0x0000000088400000|100%| E|CS|TAMS 0x0000000088300000, 0x0000000088300000| Complete 
| 132|0x0000000088400000, 0x0000000088500000, 0x0000000088500000|100%| E|CS|TAMS 0x0000000088400000, 0x0000000088400000| Complete 
| 133|0x0000000088500000, 0x0000000088600000, 0x0000000088600000|100%| E|CS|TAMS 0x0000000088500000, 0x0000000088500000| Complete 
| 134|0x0000000088600000, 0x0000000088700000, 0x0000000088700000|100%| E|CS|TAMS 0x0000000088600000, 0x0000000088600000| Complete 
| 135|0x0000000088700000, 0x0000000088800000, 0x0000000088800000|100%| E|CS|TAMS 0x0000000088700000, 0x0000000088700000| Complete 
| 136|0x0000000088800000, 0x0000000088900000, 0x0000000088900000|100%| E|CS|TAMS 0x0000000088800000, 0x0000000088800000| Complete 
| 137|0x0000000088900000, 0x0000000088a00000, 0x0000000088a00000|100%| E|CS|TAMS 0x0000000088900000, 0x0000000088900000| Complete 
| 138|0x0000000088a00000, 0x0000000088b00000, 0x0000000088b00000|100%| E|CS|TAMS 0x0000000088a00000, 0x0000000088a00000| Complete 
| 139|0x0000000088b00000, 0x0000000088c00000, 0x0000000088c00000|100%| E|CS|TAMS 0x0000000088b00000, 0x0000000088b00000| Complete 
| 140|0x0000000088c00000, 0x0000000088d00000, 0x0000000088d00000|100%| E|CS|TAMS 0x0000000088c00000, 0x0000000088c00000| Complete 
| 141|0x0000000088d00000, 0x0000000088e00000, 0x0000000088e00000|100%| E|CS|TAMS 0x0000000088d00000, 0x0000000088d00000| Complete 
| 142|0x0000000088e00000, 0x0000000088f00000, 0x0000000088f00000|100%| E|CS|TAMS 0x0000000088e00000, 0x0000000088e00000| Complete 
| 143|0x0000000088f00000, 0x0000000089000000, 0x0000000089000000|100%| E|CS|TAMS 0x0000000088f00000, 0x0000000088f00000| Complete 
| 144|0x0000000089000000, 0x0000000089100000, 0x0000000089100000|100%| E|CS|TAMS 0x0000000089000000, 0x0000000089000000| Complete 
| 145|0x0000000089100000, 0x0000000089200000, 0x0000000089200000|100%| E|CS|TAMS 0x0000000089100000, 0x0000000089100000| Complete 
| 146|0x0000000089200000, 0x0000000089300000, 0x0000000089300000|100%| E|CS|TAMS 0x0000000089200000, 0x0000000089200000| Complete 
| 147|0x0000000089300000, 0x0000000089400000, 0x0000000089400000|100%| E|CS|TAMS 0x0000000089300000, 0x0000000089300000| Complete 
| 148|0x0000000089400000, 0x0000000089500000, 0x0000000089500000|100%| E|CS|TAMS 0x0000000089400000, 0x0000000089400000| Complete 
| 149|0x0000000089500000, 0x0000000089600000, 0x0000000089600000|100%| E|CS|TAMS 0x0000000089500000, 0x0000000089500000| Complete 
| 150|0x0000000089600000, 0x0000000089700000, 0x0000000089700000|100%| E|CS|TAMS 0x0000000089600000, 0x0000000089600000| Complete 
| 151|0x0000000089700000, 0x0000000089800000, 0x0000000089800000|100%| E|CS|TAMS 0x0000000089700000, 0x0000000089700000| Complete 
| 152|0x0000000089800000, 0x0000000089900000, 0x0000000089900000|100%| E|CS|TAMS 0x0000000089800000, 0x0000000089800000| Complete 
| 153|0x0000000089900000, 0x0000000089a00000, 0x0000000089a00000|100%| E|CS|TAMS 0x0000000089900000, 0x0000000089900000| Complete 
| 154|0x0000000089a00000, 0x0000000089b00000, 0x0000000089b00000|100%| E|CS|TAMS 0x0000000089a00000, 0x0000000089a00000| Complete 
| 155|0x0000000089b00000, 0x0000000089c00000, 0x0000000089c00000|100%| E|CS|TAMS 0x0000000089b00000, 0x0000000089b00000| Complete 
| 156|0x0000000089c00000, 0x0000000089d00000, 0x0000000089d00000|100%| E|CS|TAMS 0x0000000089c00000, 0x0000000089c00000| Complete 
| 157|0x0000000089d00000, 0x0000000089e00000, 0x0000000089e00000|100%| E|CS|TAMS 0x0000000089d00000, 0x0000000089d00000| Complete 
|2045|0x00000000ffd00000, 0x00000000ffe00000, 0x00000000ffe00000|100%| O|  |TAMS 0x00000000ffe00000, 0x00000000ffd00000| Untracked 
|2046|0x00000000ffe00000, 0x00000000fff00000, 0x00000000fff00000|100%| O|  |TAMS 0x00000000fff00000, 0x00000000ffe00000| Untracked 
|2047|0x00000000fff00000, 0x0000000100000000, 0x0000000100000000|100%| O|  |TAMS 0x0000000100000000, 0x00000000fff00000| Untracked 

Card table byte_map: [0x0000026bc2890000,0x0000026bc2c90000] _byte_map_base: 0x0000026bc2490000

Marking Bits (Prev, Next): (CMBitMap*) 0x0000026bad50a840, (CMBitMap*) 0x0000026bad50a880
 Prev Bits: [0x0000026bc3090000, 0x0000026bc5090000)
 Next Bits: [0x0000026bc5090000, 0x0000026bc7090000)

Polling page: 0x0000026bad690000

Metaspace:

Usage:
  Non-class:     58.53 MB used.
      Class:      9.10 MB used.
       Both:     67.63 MB used.

Virtual space:
  Non-class space:       64.00 MB reserved,      58.81 MB ( 92%) committed,  1 nodes.
      Class space:        1.00 GB reserved,       9.38 MB ( <1%) committed,  1 nodes.
             Both:        1.06 GB reserved,      68.19 MB (  6%) committed. 

Chunk freelists:
   Non-Class:  5.17 MB
       Class:  6.66 MB
        Both:  11.83 MB

MaxMetaspaceSize: unlimited
CompressedClassSpaceSize: 1.00 GB
Initial GC threshold: 21.00 MB
Current GC threshold: 108.06 MB
CDS: off
MetaspaceReclaimPolicy: balanced
 - commit_granule_bytes: 65536.
 - commit_granule_words: 8192.
 - virtual_space_node_default_size: 8388608.
 - enlarge_chunks_in_place: 1.
 - new_chunks_are_fully_committed: 0.
 - uncommit_free_chunks: 1.
 - use_allocation_guard: 0.
 - handle_deallocations: 1.


Internal statistics:

num_allocs_failed_limit: 9.
num_arena_births: 754.
num_arena_deaths: 0.
num_vsnodes_births: 2.
num_vsnodes_deaths: 0.
num_space_committed: 1091.
num_space_uncommitted: 0.
num_chunks_returned_to_freelist: 9.
num_chunks_taken_from_freelist: 2992.
num_chunk_merges: 9.
num_chunk_splits: 1967.
num_chunks_enlarged: 1317.
num_inconsistent_stats: 0.

CodeHeap 'non-profiled nmethods': size=119168Kb used=3322Kb max_used=3322Kb free=115845Kb
 bounds [0x0000026bba7b0000, 0x0000026bbaaf0000, 0x0000026bc1c10000]
CodeHeap 'profiled nmethods': size=119104Kb used=14077Kb max_used=14077Kb free=105026Kb
 bounds [0x0000026bb2c10000, 0x0000026bb39d0000, 0x0000026bba060000]
CodeHeap 'non-nmethods': size=7488Kb used=3383Kb max_used=3425Kb free=4104Kb
 bounds [0x0000026bba060000, 0x0000026bba3e0000, 0x0000026bba7b0000]
 total_blobs=8101 nmethods=7334 adapters=676
 compilation: enabled
              stopped_count=0, restarted_count=0
 full_count=0

Compilation events (20 events):
Event: 13.875 Thread 0x0000026bca202bf0 nmethod 8190 0x0000026bb39c4810 code [0x0000026bb39c49a0, 0x0000026bb39c4b18]
Event: 13.875 Thread 0x0000026bd0d5c2c0 nmethod 8191 0x0000026bb39c4b90 code [0x0000026bb39c4d40, 0x0000026bb39c4fc8]
Event: 13.875 Thread 0x0000026bd0d5e2a0 nmethod 8189 0x0000026bb39c5090 code [0x0000026bb39c5260, 0x0000026bb39c5738]
Event: 13.875 Thread 0x0000026bd0d5d800 nmethod 8188 0x0000026bb39c5810 code [0x0000026bb39c5a20, 0x0000026bb39c6158]
Event: 13.885 Thread 0x0000026bd0d5c2c0 8193       3       org.objectweb.asm.Frame::addInitializedType (77 bytes)
Event: 13.885 Thread 0x0000026bd0d5c2c0 nmethod 8193 0x0000026bb39c6310 code [0x0000026bb39c64e0, 0x0000026bb39c6a08]
Event: 13.886 Thread 0x0000026bd0d5c2c0 8194       1       org.gradle.api.internal.provider.ValueState$NonFinalizedValue::setConvention (6 bytes)
Event: 13.886 Thread 0x0000026bd0d5e2a0 8195       3       java.util.TreeMap::values (25 bytes)
Event: 13.886 Thread 0x0000026bd0d5c2c0 nmethod 8194 0x0000026bbaaee710 code [0x0000026bbaaee8a0, 0x0000026bbaaee9b8]
Event: 13.886 Thread 0x0000026bd0d5e2a0 nmethod 8195 0x0000026bb39c6b90 code [0x0000026bb39c6d40, 0x0000026bb39c70b8]
Event: 13.886 Thread 0x0000026bd0d5d800 8197       3       org.gradle.internal.instantiation.generator.AsmBackedClassGenerator$ClassBuilderImpl::access$4300 (4 bytes)
Event: 13.886 Thread 0x0000026bd0d5d800 nmethod 8197 0x0000026bb39c7210 code [0x0000026bb39c73a0, 0x0000026bb39c7498]
Event: 13.886 Thread 0x0000026bd0d5c2c0 8199       3       java.lang.Class::getEnclosingMethodInfo (20 bytes)
Event: 13.887 Thread 0x0000026bd0d5c2c0 nmethod 8199 0x0000026bb39c7510 code [0x0000026bb39c76c0, 0x0000026bb39c78f8]
Event: 13.916 Thread 0x0000026bd0d5c2c0 8202       3       jdk.internal.reflect.AccessorGenerator::getClassName (197 bytes)
Event: 13.916 Thread 0x0000026bd0d5d800 8203       3       jdk.internal.reflect.ByteVectorImpl::put (27 bytes)
Event: 13.917 Thread 0x0000026bd0d5d800 nmethod 8203 0x0000026bb39c7a10 code [0x0000026bb39c7bc0, 0x0000026bb39c7da8]
Event: 13.917 Thread 0x0000026bd0d5c2c0 nmethod 8202 0x0000026bb39c7f10 code [0x0000026bb39c8320, 0x0000026bb39c9808]
Event: 13.928 Thread 0x0000026bd0d5c2c0 8204       3       javax.management.ObjectName::construct (1135 bytes)
Event: 13.931 Thread 0x0000026bd0d5c2c0 nmethod 8204 0x0000026bb39c9d90 code [0x0000026bb39ca3e0, 0x0000026bb39cdde8]

GC Heap History (20 events):
Event: 9.977 GC heap before
{Heap before GC invocations=13 (full 0):
 garbage-first heap   total 86016K, used 68718K [0x0000000080000000, 0x0000000100000000)
  region size 1024K, 37 young (37888K), 4 survivors (4096K)
 Metaspace       used 53858K, committed 54336K, reserved 1114112K
  class space    used 7381K, committed 7616K, reserved 1048576K
}
Event: 9.981 GC heap after
{Heap after GC invocations=14 (full 0):
 garbage-first heap   total 86016K, used 35838K [0x0000000080000000, 0x0000000100000000)
  region size 1024K, 4 young (4096K), 4 survivors (4096K)
 Metaspace       used 53858K, committed 54336K, reserved 1114112K
  class space    used 7381K, committed 7616K, reserved 1048576K
}
Event: 10.427 GC heap before
{Heap before GC invocations=14 (full 0):
 garbage-first heap   total 86016K, used 66558K [0x0000000080000000, 0x0000000100000000)
  region size 1024K, 35 young (35840K), 4 survivors (4096K)
 Metaspace       used 59646K, committed 60096K, reserved 1114112K
  class space    used 8108K, committed 8320K, reserved 1048576K
}
Event: 10.431 GC heap after
{Heap after GC invocations=15 (full 0):
 garbage-first heap   total 86016K, used 38909K [0x0000000080000000, 0x0000000100000000)
  region size 1024K, 5 young (5120K), 5 survivors (5120K)
 Metaspace       used 59646K, committed 60096K, reserved 1114112K
  class space    used 8108K, committed 8320K, reserved 1048576K
}
Event: 11.904 GC heap before
{Heap before GC invocations=16 (full 0):
 garbage-first heap   total 86016K, used 66557K [0x0000000080000000, 0x0000000100000000)
  region size 1024K, 33 young (33792K), 5 survivors (5120K)
 Metaspace       used 63380K, committed 63872K, reserved 1114112K
  class space    used 8600K, committed 8832K, reserved 1048576K
}
Event: 11.909 GC heap after
{Heap after GC invocations=17 (full 0):
 garbage-first heap   total 86016K, used 43949K [0x0000000080000000, 0x0000000100000000)
  region size 1024K, 5 young (5120K), 5 survivors (5120K)
 Metaspace       used 63380K, committed 63872K, reserved 1114112K
  class space    used 8600K, committed 8832K, reserved 1048576K
}
Event: 12.180 GC heap before
{Heap before GC invocations=17 (full 0):
 garbage-first heap   total 86016K, used 65453K [0x0000000080000000, 0x0000000100000000)
  region size 1024K, 27 young (27648K), 5 survivors (5120K)
 Metaspace       used 63744K, committed 64256K, reserved 1114112K
  class space    used 8659K, committed 8896K, reserved 1048576K
}
Event: 12.183 GC heap after
{Heap after GC invocations=18 (full 0):
 garbage-first heap   total 86016K, used 46026K [0x0000000080000000, 0x0000000100000000)
  region size 1024K, 4 young (4096K), 4 survivors (4096K)
 Metaspace       used 63744K, committed 64256K, reserved 1114112K
  class space    used 8659K, committed 8896K, reserved 1048576K
}
Event: 12.383 GC heap before
{Heap before GC invocations=19 (full 0):
 garbage-first heap   total 86016K, used 65482K [0x0000000080000000, 0x0000000100000000)
  region size 1024K, 24 young (24576K), 4 survivors (4096K)
 Metaspace       used 64105K, committed 64640K, reserved 1114112K
  class space    used 8688K, committed 8960K, reserved 1048576K
}
Event: 12.384 GC heap after
{Heap after GC invocations=20 (full 0):
 garbage-first heap   total 86016K, used 46655K [0x0000000080000000, 0x0000000100000000)
  region size 1024K, 3 young (3072K), 3 survivors (3072K)
 Metaspace       used 64105K, committed 64640K, reserved 1114112K
  class space    used 8688K, committed 8960K, reserved 1048576K
}
Event: 12.394 GC heap before
{Heap before GC invocations=20 (full 0):
 garbage-first heap   total 86016K, used 46655K [0x0000000080000000, 0x0000000100000000)
  region size 1024K, 4 young (4096K), 3 survivors (3072K)
 Metaspace       used 64130K, committed 64640K, reserved 1114112K
  class space    used 8689K, committed 8960K, reserved 1048576K
}
Event: 12.395 GC heap after
{Heap after GC invocations=21 (full 0):
 garbage-first heap   total 86016K, used 45978K [0x0000000080000000, 0x0000000100000000)
  region size 1024K, 1 young (1024K), 1 survivors (1024K)
 Metaspace       used 64130K, committed 64640K, reserved 1114112K
  class space    used 8689K, committed 8960K, reserved 1048576K
}
Event: 12.435 GC heap before
{Heap before GC invocations=21 (full 0):
 garbage-first heap   total 86016K, used 50074K [0x0000000080000000, 0x0000000100000000)
  region size 1024K, 6 young (6144K), 1 survivors (1024K)
 Metaspace       used 64203K, committed 64768K, reserved 1114112K
  class space    used 8693K, committed 8960K, reserved 1048576K
}
Event: 12.436 GC heap after
{Heap after GC invocations=22 (full 0):
 garbage-first heap   total 86016K, used 46065K [0x0000000080000000, 0x0000000100000000)
  region size 1024K, 1 young (1024K), 1 survivors (1024K)
 Metaspace       used 64203K, committed 64768K, reserved 1114112K
  class space    used 8693K, committed 8960K, reserved 1048576K
}
Event: 13.323 GC heap before
{Heap before GC invocations=23 (full 0):
 garbage-first heap   total 86016K, used 78833K [0x0000000080000000, 0x0000000100000000)
  region size 1024K, 21 young (21504K), 1 survivors (1024K)
 Metaspace       used 65197K, committed 65792K, reserved 1114112K
  class space    used 8861K, committed 9152K, reserved 1048576K
}
Event: 13.326 GC heap after
{Heap after GC invocations=24 (full 0):
 garbage-first heap   total 89088K, used 66237K [0x0000000080000000, 0x0000000100000000)
  region size 1024K, 3 young (3072K), 3 survivors (3072K)
 Metaspace       used 65197K, committed 65792K, reserved 1114112K
  class space    used 8861K, committed 9152K, reserved 1048576K
}
Event: 13.338 GC heap before
{Heap before GC invocations=24 (full 0):
 garbage-first heap   total 89088K, used 66237K [0x0000000080000000, 0x0000000100000000)
  region size 1024K, 4 young (4096K), 3 survivors (3072K)
 Metaspace       used 65252K, committed 65792K, reserved 1114112K
  class space    used 8863K, committed 9152K, reserved 1048576K
}
Event: 13.340 GC heap after
{Heap after GC invocations=25 (full 0):
 garbage-first heap   total 89088K, used 65947K [0x0000000080000000, 0x0000000100000000)
  region size 1024K, 1 young (1024K), 1 survivors (1024K)
 Metaspace       used 65252K, committed 65792K, reserved 1114112K
  class space    used 8863K, committed 9152K, reserved 1048576K
}
Event: 13.487 GC heap before
{Heap before GC invocations=25 (full 0):
 garbage-first heap   total 89088K, used 72091K [0x0000000080000000, 0x0000000100000000)
  region size 1024K, 8 young (8192K), 1 survivors (1024K)
 Metaspace       used 65735K, committed 66240K, reserved 1114112K
  class space    used 8914K, committed 9152K, reserved 1048576K
}
Event: 13.488 GC heap after
{Heap after GC invocations=26 (full 0):
 garbage-first heap   total 164864K, used 66211K [0x0000000080000000, 0x0000000100000000)
  region size 1024K, 1 young (1024K), 1 survivors (1024K)
 Metaspace       used 65735K, committed 66240K, reserved 1114112K
  class space    used 8914K, committed 9152K, reserved 1048576K
}

Dll operation events (3 events):
Event: 0.014 Loaded shared library C:\Program Files\Android\Android Studio\jbr\bin\java.dll
Event: 0.310 Loaded shared library C:\Program Files\Android\Android Studio\jbr\bin\zip.dll
Event: 0.586 Loaded shared library C:\Program Files\Android\Android Studio\jbr\bin\verify.dll

Deoptimization events (20 events):
Event: 13.807 Thread 0x0000026bcfb1be20 Uncommon trap: trap_request=0xffffffde fr.pc=0x0000026bba981da4 relative=0x00000000000001e4
Event: 13.807 Thread 0x0000026bcfb1be20 Uncommon trap: reason=class_check action=maybe_recompile pc=0x0000026bba981da4 method=java.io.BufferedInputStream.read1([BII)I @ 39 c2
Event: 13.807 Thread 0x0000026bcfb1be20 DEOPT PACKING pc=0x0000026bba981da4 sp=0x000000975d5f7190
Event: 13.807 Thread 0x0000026bcfb1be20 DEOPT UNPACKING pc=0x0000026bba0ba1a3 sp=0x000000975d5f7148 mode 2
Event: 13.856 Thread 0x0000026bcfb1be20 Uncommon trap: trap_request=0xffffffde fr.pc=0x0000026bbaa0d5b8 relative=0x0000000000006178
Event: 13.856 Thread 0x0000026bcfb1be20 Uncommon trap: reason=class_check action=maybe_recompile pc=0x0000026bbaa0d5b8 method=java.util.jar.JarFile.getManifestFromReference()Ljava/util/jar/Manifest; @ 152 c2
Event: 13.856 Thread 0x0000026bcfb1be20 DEOPT PACKING pc=0x0000026bbaa0d5b8 sp=0x000000975d5f6860
Event: 13.856 Thread 0x0000026bcfb1be20 DEOPT UNPACKING pc=0x0000026bba0ba1a3 sp=0x000000975d5f6658 mode 2
Event: 13.877 Thread 0x0000026bcfb1be20 Uncommon trap: trap_request=0xffffffde fr.pc=0x0000026bba94c244 relative=0x0000000000000364
Event: 13.877 Thread 0x0000026bcfb1be20 Uncommon trap: reason=class_check action=maybe_recompile pc=0x0000026bba94c244 method=java.util.stream.AbstractPipeline.copyIntoWithCancel(Ljava/util/stream/Sink;Ljava/util/Spliterator;)Z @ 32 c2
Event: 13.877 Thread 0x0000026bcfb1be20 DEOPT PACKING pc=0x0000026bba94c244 sp=0x000000975d5f6180
Event: 13.877 Thread 0x0000026bcfb1be20 DEOPT UNPACKING pc=0x0000026bba0ba1a3 sp=0x000000975d5f6040 mode 2
Event: 13.877 Thread 0x0000026bcfb1be20 Uncommon trap: trap_request=0xffffffde fr.pc=0x0000026bba94c244 relative=0x0000000000000364
Event: 13.877 Thread 0x0000026bcfb1be20 Uncommon trap: reason=class_check action=maybe_recompile pc=0x0000026bba94c244 method=java.util.stream.AbstractPipeline.copyIntoWithCancel(Ljava/util/stream/Sink;Ljava/util/Spliterator;)Z @ 32 c2
Event: 13.877 Thread 0x0000026bcfb1be20 DEOPT PACKING pc=0x0000026bba94c244 sp=0x000000975d5f6180
Event: 13.877 Thread 0x0000026bcfb1be20 DEOPT UNPACKING pc=0x0000026bba0ba1a3 sp=0x000000975d5f6040 mode 2
Event: 13.877 Thread 0x0000026bcfb1be20 Uncommon trap: trap_request=0xffffffde fr.pc=0x0000026bba94c244 relative=0x0000000000000364
Event: 13.877 Thread 0x0000026bcfb1be20 Uncommon trap: reason=class_check action=maybe_recompile pc=0x0000026bba94c244 method=java.util.stream.AbstractPipeline.copyIntoWithCancel(Ljava/util/stream/Sink;Ljava/util/Spliterator;)Z @ 32 c2
Event: 13.877 Thread 0x0000026bcfb1be20 DEOPT PACKING pc=0x0000026bba94c244 sp=0x000000975d5f6180
Event: 13.877 Thread 0x0000026bcfb1be20 DEOPT UNPACKING pc=0x0000026bba0ba1a3 sp=0x000000975d5f6040 mode 2

Classes unloaded (0 events):
No events

Classes redefined (0 events):
No events

Internal exceptions (20 events):
Event: 10.778 Thread 0x0000026bcfb1be20 Implicit null exception at 0x0000026bba800e52 to 0x0000026bba80145c
Event: 11.838 Thread 0x0000026bcfb1be20 Exception <a 'java/lang/NoSuchMethodError'{0x0000000083e741d8}: 'java.lang.Object java.lang.invoke.DirectMethodHandle$Holder.newInvokeSpecial(java.lang.Object, java.lang.Object, java.lang.Object, java.lang.Object, int, java.lang.Object)'> (0x0000000083e741d8) 
thrown [s\src\hotspot\share\interpreter\linkResolver.cpp, line 771]
Event: 11.838 Thread 0x0000026bcfb1be20 Exception <a 'java/lang/NoSuchMethodError'{0x0000000083e79530}: 'java.lang.Object java.lang.invoke.Invokers$Holder.linkToTargetMethod(java.lang.Object, java.lang.Object, java.lang.Object, int, java.lang.Object, java.lang.Object)'> (0x0000000083e79530) 
thrown [s\src\hotspot\share\interpreter\linkResolver.cpp, line 771]
Event: 11.911 Thread 0x0000026bca1ab720 Implicit null exception at 0x0000026bbaa8dd03 to 0x0000026bbaa8dec8
Event: 12.375 Thread 0x0000026bcfb1be20 Exception <a 'java/lang/NoSuchMethodError'{0x000000008401c438}: 'long java.lang.invoke.DirectMethodHandle$Holder.invokeVirtual(java.lang.Object, java.lang.Object)'> (0x000000008401c438) 
thrown [s\src\hotspot\share\interpreter\linkResolver.cpp, line 771]
Event: 12.377 Thread 0x0000026bcfb19090 Exception <a 'java/lang/NoSuchMethodError'{0x0000000084082ad8}: static Lorg/gradle/internal/build/event/types/DefaultOperationFinishedProgressEvent;.<clinit>()V> (0x0000000084082ad8) 
thrown [s\src\hotspot\share\prims\jni.cpp, line 1108]
Event: 12.379 Thread 0x0000026bcfb19090 Exception <a 'java/lang/NoSuchMethodError'{0x00000000840b2c78}: static Lorg/gradle/internal/build/event/types/DefaultProjectConfigurationSuccessResult;.<clinit>()V> (0x00000000840b2c78) 
thrown [s\src\hotspot\share\prims\jni.cpp, line 1108]
Event: 12.379 Thread 0x0000026bcfb19090 Exception <a 'java/lang/NoSuchMethodError'{0x00000000840b4210}: static Lorg/gradle/internal/build/event/types/AbstractProjectConfigurationResult;.<clinit>()V> (0x00000000840b4210) 
thrown [s\src\hotspot\share\prims\jni.cpp, line 1108]
Event: 12.380 Thread 0x0000026bcfb19090 Exception <a 'java/lang/NoSuchMethodError'{0x00000000840b5958}: static Lorg/gradle/internal/build/event/types/AbstractOperationResult;.<clinit>()V> (0x00000000840b5958) 
thrown [s\src\hotspot\share\prims\jni.cpp, line 1108]
Event: 12.380 Thread 0x0000026bcfb19090 Exception <a 'java/lang/NoSuchMethodError'{0x00000000840b6dd0}: static Lorg/gradle/internal/build/event/types/AbstractResult;.<clinit>()V> (0x00000000840b6dd0) 
thrown [s\src\hotspot\share\prims\jni.cpp, line 1108]
Event: 12.381 Thread 0x0000026bcfb19090 Exception <a 'java/lang/NoSuchMethodError'{0x00000000840cfb10}: static Lorg/gradle/internal/build/event/types/DefaultPluginApplicationResult;.<clinit>()V> (0x00000000840cfb10) 
thrown [s\src\hotspot\share\prims\jni.cpp, line 1108]
Event: 12.382 Thread 0x0000026bcfb19090 Exception <a 'java/lang/NoSuchMethodError'{0x00000000840dc500}: static Lorg/gradle/internal/build/event/types/DefaultBinaryPluginIdentifier;.<clinit>()V> (0x00000000840dc500) 
thrown [s\src\hotspot\share\prims\jni.cpp, line 1108]
Event: 12.385 Thread 0x0000026bcfb19090 Exception <a 'java/lang/NoSuchMethodError'{0x0000000087b28d40}: static Lorg/gradle/internal/build/event/types/DefaultScriptPluginIdentifier;.<clinit>()V> (0x0000000087b28d40) 
thrown [s\src\hotspot\share\prims\jni.cpp, line 1108]
Event: 12.427 Thread 0x0000026bcfb1be20 Implicit null exception at 0x0000026bba97f60f to 0x0000026bba97ff3c
Event: 12.427 Thread 0x0000026bcfb1be20 Implicit null exception at 0x0000026bba859094 to 0x0000026bba8599b8
Event: 12.655 Thread 0x0000026bcfb1be20 Exception <a 'java/lang/NoSuchMethodError'{0x0000000085097170}: 'void java.lang.invoke.Invokers$Holder.invoke_MT(java.lang.Object, java.lang.Object, java.lang.Object, java.lang.Object)'> (0x0000000085097170) 
thrown [s\src\hotspot\share\interpreter\linkResolver.cpp, line 771]
Event: 12.660 Thread 0x0000026bcfb1be20 Exception <a 'java/lang/NoSuchMethodError'{0x00000000850e2a88}: 'java.lang.Object java.lang.invoke.DirectMethodHandle$Holder.invokeSpecial(java.lang.Object, java.lang.Object, java.lang.Object, int, java.lang.Object, java.lang.Object)'> (0x00000000850e2a88) 
thrown [s\src\hotspot\share\interpreter\linkResolver.cpp, line 771]
Event: 12.997 Thread 0x0000026bcfb1be20 Exception <a 'java/lang/ClassNotFoundException'{0x00000000846b5a10}: sun/misc/SharedSecrets> (0x00000000846b5a10) 
thrown [s\src\hotspot\share\classfile\systemDictionary.cpp, line 256]
Event: 12.997 Thread 0x0000026bcfb1be20 Exception <a 'java/lang/ClassNotFoundException'{0x00000000846b6fe8}: org/gradle/api/internal/plugins/DefaultObjectConfigurationActionBeanInfo> (0x00000000846b6fe8) 
thrown [s\src\hotspot\share\classfile\systemDictionary.cpp, line 256]
Event: 12.998 Thread 0x0000026bcfb1be20 Exception <a 'java/lang/ClassNotFoundException'{0x00000000846cda98}: org/gradle/api/internal/plugins/DefaultObjectConfigurationActionCustomizer> (0x00000000846cda98) 
thrown [s\src\hotspot\share\classfile\systemDictionary.cpp, line 256]

VM Operations (20 events):
Event: 12.394 Executing VM operation: G1CollectForAllocation
Event: 12.395 Executing VM operation: G1CollectForAllocation done
Event: 12.435 Executing VM operation: G1TryInitiateConcMark
Event: 12.436 Executing VM operation: G1TryInitiateConcMark done
Event: 12.451 Executing VM operation: G1PauseRemark
Event: 12.454 Executing VM operation: G1PauseRemark done
Event: 12.462 Executing VM operation: G1PauseCleanup
Event: 12.462 Executing VM operation: G1PauseCleanup done
Event: 12.587 Executing VM operation: HandshakeAllThreads
Event: 12.587 Executing VM operation: HandshakeAllThreads done
Event: 13.323 Executing VM operation: G1CollectForAllocation
Event: 13.326 Executing VM operation: G1CollectForAllocation done
Event: 13.338 Executing VM operation: G1CollectForAllocation
Event: 13.340 Executing VM operation: G1CollectForAllocation done
Event: 13.487 Executing VM operation: G1CollectForAllocation
Event: 13.488 Executing VM operation: G1CollectForAllocation done
Event: 13.504 Executing VM operation: G1PauseRemark
Event: 13.507 Executing VM operation: G1PauseRemark done
Event: 13.515 Executing VM operation: G1PauseCleanup
Event: 13.515 Executing VM operation: G1PauseCleanup done

Events (20 events):
Event: 12.580 loading class java/util/concurrent/LinkedBlockingDeque$AbstractItr done
Event: 12.580 loading class java/util/concurrent/LinkedBlockingDeque$Itr done
Event: 12.997 loading class sun/misc/SharedSecrets
Event: 12.997 loading class sun/misc/SharedSecrets done
Event: 13.524 Thread 0x0000026bd0d5bd70 Thread exited: 0x0000026bd0d5bd70
Event: 13.606 loading class java/util/regex/Pattern$1
Event: 13.606 loading class java/util/regex/Pattern$1 done
Event: 13.623 Thread 0x0000026bd0d5a2e0 Thread added: 0x0000026bd0d5a2e0
Event: 13.716 loading class java/io/StringReader
Event: 13.716 loading class java/io/StringReader done
Event: 13.753 loading class java/util/concurrent/atomic/AtomicIntegerArray
Event: 13.753 loading class java/util/concurrent/atomic/AtomicIntegerArray done
Event: 13.755 loading class java/util/Currency
Event: 13.755 loading class java/util/Currency done
Event: 13.765 loading class java/util/concurrent/atomic/AtomicLongArray
Event: 13.766 loading class java/util/concurrent/atomic/AtomicLongArray done
Event: 13.876 loading class sun/text/resources/cldr/FormatData_en
Event: 13.876 loading class sun/text/resources/cldr/FormatData_en done
Event: 13.877 loading class sun/text/resources/cldr/FormatData_en_US
Event: 13.877 loading class sun/text/resources/cldr/FormatData_en_US done


Dynamic libraries:
0x00007ff632a00000 - 0x00007ff632a0a000 	C:\Program Files\Android\Android Studio\jbr\bin\java.exe
0x00007ffb99c10000 - 0x00007ffb99e27000 	C:\WINDOWS\SYSTEM32\ntdll.dll
0x00007ffb40c00000 - 0x00007ffb40c19000 	C:\Program Files\Avast Software\Avast\aswhook.dll
0x00007ffb98480000 - 0x00007ffb98544000 	C:\WINDOWS\System32\KERNEL32.DLL
0x00007ffb97430000 - 0x00007ffb977dc000 	C:\WINDOWS\System32\KERNELBASE.dll
0x00007ffb97150000 - 0x00007ffb97261000 	C:\WINDOWS\System32\ucrtbase.dll
0x00007ffb6b640000 - 0x00007ffb6b657000 	C:\Program Files\Android\Android Studio\jbr\bin\jli.dll
0x00007ffb99700000 - 0x00007ffb998ae000 	C:\WINDOWS\System32\USER32.dll
0x00007ffb96fe0000 - 0x00007ffb97006000 	C:\WINDOWS\System32\win32u.dll
0x00007ffb78410000 - 0x00007ffb786a3000 	C:\WINDOWS\WinSxS\amd64_microsoft.windows.common-controls_6595b64144ccf1df_6.0.22621.3672_none_2713b9d173822955\COMCTL32.dll
0x00007ffb97f20000 - 0x00007ffb97f49000 	C:\WINDOWS\System32\GDI32.dll
0x00007ffb97310000 - 0x00007ffb97429000 	C:\WINDOWS\System32\gdi32full.dll
0x00007ffb96f40000 - 0x00007ffb96fda000 	C:\WINDOWS\System32\msvcp_win.dll
0x00007ffb98800000 - 0x00007ffb988a7000 	C:\WINDOWS\System32\msvcrt.dll
0x00007ffb57340000 - 0x00007ffb5735b000 	C:\Program Files\Android\Android Studio\jbr\bin\VCRUNTIME140.dll
0x00007ffb996c0000 - 0x00007ffb996f1000 	C:\WINDOWS\System32\IMM32.DLL
0x00007ffb59a20000 - 0x00007ffb59a2c000 	C:\Program Files\Android\Android Studio\jbr\bin\vcruntime140_1.dll
0x00007ffb12ff0000 - 0x00007ffb1307d000 	C:\Program Files\Android\Android Studio\jbr\bin\msvcp140.dll
0x00007ffaaba30000 - 0x00007ffaac6b3000 	C:\Program Files\Android\Android Studio\jbr\bin\server\jvm.dll
0x00007ffb97950000 - 0x00007ffb97a02000 	C:\WINDOWS\System32\ADVAPI32.dll
0x00007ffb97ce0000 - 0x00007ffb97d8a000 	C:\WINDOWS\System32\sechost.dll
0x00007ffb972e0000 - 0x00007ffb97308000 	C:\WINDOWS\System32\bcrypt.dll
0x00007ffb97a10000 - 0x00007ffb97b25000 	C:\WINDOWS\System32\RPCRT4.dll
0x00007ffb90a90000 - 0x00007ffb90ac4000 	C:\WINDOWS\SYSTEM32\WINMM.dll
0x00007ffb95da0000 - 0x00007ffb95ded000 	C:\WINDOWS\SYSTEM32\POWRPROF.dll
0x00007ffb91590000 - 0x00007ffb9159a000 	C:\WINDOWS\SYSTEM32\VERSION.dll
0x00007ffb74bd0000 - 0x00007ffb74bd9000 	C:\WINDOWS\SYSTEM32\WSOCK32.dll
0x00007ffb99af0000 - 0x00007ffb99b61000 	C:\WINDOWS\System32\ws2_32.DLL
0x00007ffb95d80000 - 0x00007ffb95d93000 	C:\WINDOWS\SYSTEM32\UMPDC.dll
0x00007ffb96030000 - 0x00007ffb96048000 	C:\WINDOWS\SYSTEM32\kernel.appcore.dll
0x00007ffb93b70000 - 0x00007ffb93b7a000 	C:\Program Files\Android\Android Studio\jbr\bin\jimage.dll
0x00007ffb94890000 - 0x00007ffb94ac2000 	C:\WINDOWS\SYSTEM32\DBGHELP.DLL
0x00007ffb98010000 - 0x00007ffb98398000 	C:\WINDOWS\System32\combase.dll
0x00007ffb983a0000 - 0x00007ffb98477000 	C:\WINDOWS\System32\OLEAUT32.dll
0x00007ffb89170000 - 0x00007ffb891a2000 	C:\WINDOWS\SYSTEM32\dbgcore.DLL
0x00007ffb97010000 - 0x00007ffb9708b000 	C:\WINDOWS\System32\bcryptPrimitives.dll
0x00007ffb75ab0000 - 0x00007ffb75abe000 	C:\Program Files\Android\Android Studio\jbr\bin\instrument.dll
0x00007ffb52470000 - 0x00007ffb52495000 	C:\Program Files\Android\Android Studio\jbr\bin\java.dll
0x00007ffb798c0000 - 0x00007ffb798d8000 	C:\Program Files\Android\Android Studio\jbr\bin\zip.dll
0x00007ffb98e50000 - 0x00007ffb996ac000 	C:\WINDOWS\System32\SHELL32.dll
0x00007ffb94e50000 - 0x00007ffb95747000 	C:\WINDOWS\SYSTEM32\windows.storage.dll
0x00007ffb94d10000 - 0x00007ffb94e4f000 	C:\WINDOWS\SYSTEM32\wintypes.dll
0x00007ffb98700000 - 0x00007ffb987f4000 	C:\WINDOWS\System32\SHCORE.dll
0x00007ffb97f50000 - 0x00007ffb97fae000 	C:\WINDOWS\System32\shlwapi.dll
0x00007ffb96e70000 - 0x00007ffb96e91000 	C:\WINDOWS\SYSTEM32\profapi.dll
0x00007ffb76090000 - 0x00007ffb760a9000 	C:\Program Files\Android\Android Studio\jbr\bin\net.dll
0x00007ffb91ff0000 - 0x00007ffb92126000 	C:\WINDOWS\SYSTEM32\WINHTTP.dll
0x00007ffb964d0000 - 0x00007ffb96539000 	C:\WINDOWS\system32\mswsock.dll
0x00007ffb724e0000 - 0x00007ffb724f6000 	C:\Program Files\Android\Android Studio\jbr\bin\nio.dll
0x00007ffb90e80000 - 0x00007ffb90e90000 	C:\Program Files\Android\Android Studio\jbr\bin\verify.dll
0x00007ffb4fe30000 - 0x00007ffb4fe57000 	C:\Users\lirag\.gradle\native\c067742578af261105cb4f569cf0c3c89f3d7b1fecec35dd04571415982c5e48\windows-amd64\native-platform.dll
0x00007ffac4990000 - 0x00007ffac4ad4000 	C:\Users\lirag\.gradle\native\38dada09dfb8b06ba9b0570ebf7e218e3eb74d4ef43ca46872605cf95ebc2f47\windows-amd64\native-platform-file-events.dll
0x00007ffb76440000 - 0x00007ffb76449000 	C:\Program Files\Android\Android Studio\jbr\bin\management.dll
0x00007ffb75e00000 - 0x00007ffb75e0b000 	C:\Program Files\Android\Android Studio\jbr\bin\management_ext.dll
0x00007ffb996b0000 - 0x00007ffb996b8000 	C:\WINDOWS\System32\PSAPI.DLL
0x00007ffb96730000 - 0x00007ffb9674b000 	C:\WINDOWS\SYSTEM32\CRYPTSP.dll
0x00007ffb95f90000 - 0x00007ffb95fc5000 	C:\WINDOWS\system32\rsaenh.dll
0x00007ffb965d0000 - 0x00007ffb965f8000 	C:\WINDOWS\SYSTEM32\USERENV.dll
0x00007ffb96750000 - 0x00007ffb9675c000 	C:\WINDOWS\SYSTEM32\CRYPTBASE.dll
0x00007ffb95a60000 - 0x00007ffb95a8d000 	C:\WINDOWS\SYSTEM32\IPHLPAPI.DLL
0x00007ffb97b50000 - 0x00007ffb97b59000 	C:\WINDOWS\System32\NSI.dll
0x00007ffb92440000 - 0x00007ffb92459000 	C:\WINDOWS\SYSTEM32\dhcpcsvc6.DLL
0x00007ffb922e0000 - 0x00007ffb922ff000 	C:\WINDOWS\SYSTEM32\dhcpcsvc.DLL
0x00007ffb95a90000 - 0x00007ffb95b88000 	C:\WINDOWS\SYSTEM32\DNSAPI.dll
0x00007ffb78320000 - 0x00007ffb78329000 	C:\Program Files\Android\Android Studio\jbr\bin\extnet.dll
0x00007ffb5a180000 - 0x00007ffb5a188000 	C:\WINDOWS\system32\wshunix.dll
0x00007ffb8efd0000 - 0x00007ffb8efda000 	C:\Windows\System32\rasadhlp.dll
0x00007ffb91110000 - 0x00007ffb91193000 	C:\WINDOWS\System32\fwpuclnt.dll

dbghelp: loaded successfully - version: 4.0.5 - missing functions: none
symbol engine: initialized successfully - sym options: 0x614 - pdb path: .;C:\Program Files\Android\Android Studio\jbr\bin;C:\WINDOWS\SYSTEM32;C:\Program Files\Avast Software\Avast;C:\WINDOWS\WinSxS\amd64_microsoft.windows.common-controls_6595b64144ccf1df_6.0.22621.3672_none_2713b9d173822955;C:\Program Files\Android\Android Studio\jbr\bin\server;C:\Users\lirag\.gradle\native\c067742578af261105cb4f569cf0c3c89f3d7b1fecec35dd04571415982c5e48\windows-amd64;C:\Users\lirag\.gradle\native\38dada09dfb8b06ba9b0570ebf7e218e3eb74d4ef43ca46872605cf95ebc2f47\windows-amd64

VM Arguments:
jvm_args: --add-opens=java.base/java.util=ALL-UNNAMED --add-opens=java.base/java.lang=ALL-UNNAMED --add-opens=java.base/java.lang.invoke=ALL-UNNAMED --add-opens=java.prefs/java.util.prefs=ALL-UNNAMED --add-opens=java.base/java.nio.charset=ALL-UNNAMED --add-opens=java.base/java.net=ALL-UNNAMED --add-opens=java.base/java.util.concurrent.atomic=ALL-UNNAMED -Xmx2048m -Dfile.encoding=UTF-8 -Duser.country=CL -Duser.language=es -Duser.variant -javaagent:C:\Users\lirag\.gradle\wrapper\dists\gradle-8.6-bin\afr5mpiioh2wthjmwnkmdsd5w\gradle-8.6\lib\agents\gradle-instrumentation-agent-8.6.jar 
java_command: org.gradle.launcher.daemon.bootstrap.GradleDaemon 8.6
java_class_path (initial): C:\Users\lirag\.gradle\wrapper\dists\gradle-8.6-bin\afr5mpiioh2wthjmwnkmdsd5w\gradle-8.6\lib\gradle-launcher-8.6.jar
Launcher Type: SUN_STANDARD

[Global flags]
     intx CICompilerCount                          = 12                                        {product} {ergonomic}
     uint ConcGCThreads                            = 3                                         {product} {ergonomic}
     uint G1ConcRefinementThreads                  = 13                                        {product} {ergonomic}
   size_t G1HeapRegionSize                         = 1048576                                   {product} {ergonomic}
    uintx GCDrainStackTargetSize                   = 64                                        {product} {ergonomic}
   size_t InitialHeapSize                          = 130023424                                 {product} {ergonomic}
   size_t MarkStackSize                            = 4194304                                   {product} {ergonomic}
   size_t MaxHeapSize                              = 2147483648                                {product} {command line}
   size_t MaxNewSize                               = 1287651328                                {product} {ergonomic}
   size_t MinHeapDeltaBytes                        = 1048576                                   {product} {ergonomic}
   size_t MinHeapSize                              = 8388608                                   {product} {ergonomic}
    uintx NonNMethodCodeHeapSize                   = 7602480                                {pd product} {ergonomic}
    uintx NonProfiledCodeHeapSize                  = 122027880                              {pd product} {ergonomic}
    uintx ProfiledCodeHeapSize                     = 122027880                              {pd product} {ergonomic}
    uintx ReservedCodeCacheSize                    = 251658240                              {pd product} {ergonomic}
     bool SegmentedCodeCache                       = true                                      {product} {ergonomic}
   size_t SoftMaxHeapSize                          = 2147483648                             {manageable} {ergonomic}
     bool UseCompressedClassPointers               = true                           {product lp64_product} {ergonomic}
     bool UseCompressedOops                        = true                           {product lp64_product} {ergonomic}
     bool UseG1GC                                  = true                                      {product} {ergonomic}
     bool UseLargePagesIndividualAllocation        = false                                  {pd product} {ergonomic}

Logging:
Log output configuration:
 #0: stdout all=warning uptime,level,tags
 #1: stderr all=off uptime,level,tags

Environment Variables:
PATH=C:\Program Files\Common Files\Oracle\Java\javapath;C:\windows\system32;C:\windows;C:\windows\System32\Wbem;C:\windows\System32\WindowsPowerShell\v1.0\;C:\windows\System32\OpenSSH\;C:\Program Files (x86)\NVIDIA Corporation\PhysX\Common;C:\Program Files\NVIDIA Corporation\NVIDIA NvDLISR;C:\WINDOWS\system32;C:\WINDOWS;C:\WINDOWS\System32\Wbem;C:\WINDOWS\System32\WindowsPowerShell\v1.0\;C:\WINDOWS\System32\OpenSSH\;C:\Program Files\Docker\Docker\resources\bin;C:\Program Files\Git\cmd;C:\Program Files\MySQL\MySQL Shell 8.0\bin\;C:\Users\lirag\AppData\Local\Microsoft\WindowsApps;;C:\Program Files\JetBrains\IntelliJ IDEA 2023.3.3\bin;;C:\Program Files\JetBrains\IntelliJ IDEA Community Edition 2023.3.3\bin;
USERNAME=lirag
OS=Windows_NT
PROCESSOR_IDENTIFIER=Intel64 Family 6 Model 141 Stepping 1, GenuineIntel
TMP=C:\Users\lirag\AppData\Local\Temp
TEMP=C:\Users\lirag\AppData\Local\Temp



Periodic native trim disabled

JNI global refs:
JNI global refs: 34, weak refs: 3

JNI global refs memory usage: 843, weak refs: 841

OOME stack traces (most recent first):
Classloader memory used:
Loader org.gradle.internal.classloader.VisitableURLClassLoader                         : 3546K
Loader bootstrap                                                                       : 3126K
Loader org.gradle.initialization.MixInLegacyTypesClassLoader                           : 1294K
Loader org.gradle.internal.classloader.VisitableURLClassLoader$InstrumentingVisitableURLClassLoader: 519K
Loader jdk.internal.loader.ClassLoaders$PlatformClassLoader                            : 100K
Loader jdk.internal.reflect.DelegatingClassLoader                                      : 31709B
Loader jdk.internal.loader.ClassLoaders$AppClassLoader                                 : 28739B
Loader org.gradle.internal.classloader.VisitableURLClassLoader                         : 15697B

Classes loaded by more than one classloader:
Class Program                                                                         : loaded 4 times (x 72B)
Class com.google.common.collect.Iterators$MergingIterator                             : loaded 2 times (x 79B)
Class [Lcom.google.common.collect.AbstractMapEntry;                                   : loaded 2 times (x 67B)
Class com.google.common.collect.SingletonImmutableList                                : loaded 2 times (x 167B)
Class com.google.common.cache.CacheLoader$SupplierToCacheLoader                       : loaded 2 times (x 73B)
Class org.gradle.internal.classpath.ClassPath                                         : loaded 2 times (x 68B)
Class org.gradle.api.internal.classpath.DefaultModuleRegistry                         : loaded 2 times (x 84B)
Class Settings_gradle$1$1                                                             : loaded 2 times (x 72B)
Class com.google.common.collect.ListMultimap                                          : loaded 2 times (x 68B)
Class com.google.common.base.CharMatcher$JavaDigit                                    : loaded 2 times (x 109B)
Class com.google.common.base.CharMatcher$Digit                                        : loaded 2 times (x 110B)
Class com.google.common.collect.AbstractMultimap                                      : loaded 2 times (x 121B)
Class org.gradle.api.Action                                                           : loaded 2 times (x 68B)
Class com.google.common.collect.ImmutableEntry                                        : loaded 2 times (x 80B)
Class com.google.common.collect.Lists$StringAsImmutableList                           : loaded 2 times (x 167B)
Class com.google.common.base.CharMatcher                                              : loaded 2 times (x 109B)
Class com.google.common.base.CharMatcher$IsNot                                        : loaded 2 times (x 109B)
Class com.google.common.base.Splitter                                                 : loaded 2 times (x 70B)
Class com.google.common.collect.Iterators$ArrayItr                                    : loaded 2 times (x 95B)
Class org.gradle.api.internal.DefaultClassPathProvider                                : loaded 2 times (x 74B)
Class org.gradle.internal.installation.GradleInstallation$1                           : loaded 2 times (x 73B)
Class com.google.common.base.CharMatcher$BitSetMatcher                                : loaded 2 times (x 110B)
Class com.google.common.collect.ImmutableMap$IteratorBasedImmutableMap                : loaded 2 times (x 123B)
Class com.google.common.collect.ImmutableMap                                          : loaded 2 times (x 118B)
Class com.google.common.base.Converter                                                : loaded 2 times (x 88B)
Class com.google.common.collect.ImmutableSet$EmptySetBuilderImpl                      : loaded 2 times (x 74B)
Class com.google.common.base.Predicate                                                : loaded 2 times (x 68B)
Class org.gradle.internal.classloader.FilteringClassLoader                            : loaded 2 times (x 103B)
Class com.google.common.collect.RegularImmutableSet                                   : loaded 2 times (x 146B)
Class org.gradle.internal.classpath.DefaultClassPath$ImmutableUniqueList$Builder      : loaded 2 times (x 73B)
Class com.google.common.collect.Maps$8                                                : loaded 2 times (x 80B)
Class com.google.common.base.PatternCompiler                                          : loaded 2 times (x 68B)
Class com.google.common.base.CharMatcher$InRange                                      : loaded 2 times (x 109B)
Class com.google.common.collect.BiMap                                                 : loaded 2 times (x 68B)
Class com.google.common.collect.Lists                                                 : loaded 2 times (x 69B)
Class com.google.common.math.IntMath$1                                                : loaded 2 times (x 69B)
Class org.gradle.internal.classloader.ClassLoaderVisitor                              : loaded 2 times (x 74B)
Class com.google.common.math.MathPreconditions                                        : loaded 2 times (x 69B)
Class org.gradle.internal.service.DefaultServiceLocator                               : loaded 2 times (x 81B)
Class org.gradle.internal.service.UnknownServiceException                             : loaded 2 times (x 81B)
Class com.google.common.collect.ArrayListMultimap                                     : loaded 2 times (x 170B)
Class com.google.common.base.Strings                                                  : loaded 2 times (x 69B)
Class org.gradle.internal.classloader.DefaultClassLoaderFactory                       : loaded 2 times (x 80B)
Class com.google.common.collect.UnmodifiableIterator                                  : loaded 2 times (x 78B)
Class com.google.common.base.Platform$JdkPatternCompiler                              : loaded 2 times (x 73B)
Class com.google.common.base.CharMatcher$SingleWidth                                  : loaded 2 times (x 110B)
Class com.google.common.collect.Hashing                                               : loaded 2 times (x 69B)
Class com.google.common.base.JdkPattern                                               : loaded 2 times (x 73B)
Class com.google.common.collect.Multimap                                              : loaded 2 times (x 68B)
Class org.gradle.internal.classloader.VisitableURLClassLoader$Spec                    : loaded 2 times (x 72B)
Class org.gradle.api.GradleException                                                  : loaded 2 times (x 80B)
Class com.google.common.base.CharMatcher$JavaLetterOrDigit                            : loaded 2 times (x 109B)
Class org.gradle.api.internal.classpath.ModuleRegistry                                : loaded 2 times (x 68B)
Class com.google.common.cache.CacheBuilder                                            : loaded 2 times (x 70B)
Class com.google.common.collect.ImmutableCollection                                   : loaded 2 times (x 123B)
Class com.google.common.base.Ticker                                                   : loaded 2 times (x 70B)
Class org.gradle.api.internal.ClassPathProvider                                       : loaded 2 times (x 68B)
Class com.google.common.collect.RegularImmutableMap$Values                            : loaded 2 times (x 167B)
Class org.gradle.internal.classloader.ClasspathUtil$1                                 : loaded 2 times (x 74B)
Class com.google.common.collect.ImmutableEnumMap                                      : loaded 2 times (x 123B)
Class com.google.common.collect.ImmutableList$ReverseImmutableList                    : loaded 2 times (x 168B)
Class com.google.common.cache.AbstractCache$StatsCounter                              : loaded 2 times (x 68B)
Class org.gradle.internal.classloader.ClassLoaderFactory                              : loaded 2 times (x 68B)
Class com.google.common.collect.ObjectArrays                                          : loaded 2 times (x 69B)
Class com.google.common.collect.Iterators$10                                          : loaded 2 times (x 79B)
Class com.google.common.collect.ImmutableList                                         : loaded 2 times (x 166B)
Class org.gradle.api.internal.classpath.ManifestUtil                                  : loaded 2 times (x 69B)
Class org.gradle.api.specs.Spec                                                       : loaded 2 times (x 68B)
Class com.google.common.cache.CacheLoader$UnsupportedLoadingOperationException        : loaded 2 times (x 80B)
Class com.google.common.base.CharMatcher$Whitespace                                   : loaded 2 times (x 110B)
Class com.google.common.collect.Iterators$1                                           : loaded 2 times (x 79B)
Class com.google.common.collect.Iterators$4                                           : loaded 2 times (x 80B)
Class com.google.common.collect.RegularImmutableMap$BucketOverflowException           : loaded 2 times (x 80B)
Class com.google.common.collect.Iterators$5                                           : loaded 2 times (x 80B)
Class com.google.common.base.Preconditions                                            : loaded 2 times (x 69B)
Class com.google.common.base.Function                                                 : loaded 2 times (x 68B)
Class com.google.common.collect.Iterators$9                                           : loaded 2 times (x 79B)
Class org.gradle.internal.IoActions                                                   : loaded 2 times (x 69B)
Class com.google.common.collect.RegularImmutableMap$KeySet                            : loaded 2 times (x 148B)
Class com.google.common.collect.CollectPreconditions                                  : loaded 2 times (x 69B)
Class com.google.common.collect.Maps                                                  : loaded 2 times (x 69B)
Class com.google.common.collect.RegularImmutableMap                                   : loaded 2 times (x 119B)
Class com.google.common.collect.AbstractIndexedListIterator                           : loaded 2 times (x 94B)
Class com.google.common.base.CharMatcher$None                                         : loaded 2 times (x 110B)
Class org.gradle.api.internal.classpath.EffectiveClassPath                            : loaded 2 times (x 88B)
Class com.google.common.collect.UnmodifiableListIterator                              : loaded 2 times (x 93B)
Class com.google.common.cache.CacheLoader$FunctionToCacheLoader                       : loaded 2 times (x 73B)
Class com.google.common.cache.CacheBuilder$1                                          : loaded 2 times (x 83B)
Class com.google.common.cache.CacheBuilder$2                                          : loaded 2 times (x 70B)
Class com.google.common.collect.ImmutableList$1                                       : loaded 2 times (x 95B)
Class com.google.common.base.Splitter$Strategy                                        : loaded 2 times (x 68B)
Class com.google.common.collect.ImmutableMapEntrySet$RegularEntrySet                  : loaded 2 times (x 149B)
Class [Lcom.google.common.collect.ImmutableMapEntry;                                  : loaded 2 times (x 67B)
Class org.gradle.internal.installation.CurrentGradleInstallation                      : loaded 2 times (x 71B)
Class org.gradle.internal.agents.InstrumentingClassLoader                             : loaded 2 times (x 68B)
Class org.gradle.internal.installation.CurrentGradleInstallationLocator               : loaded 2 times (x 69B)
Class org.gradle.api.internal.classpath.Module                                        : loaded 2 times (x 68B)
Class com.google.common.base.Splitter$1$1                                             : loaded 2 times (x 84B)
Class com.google.common.collect.ImmutableSet$JdkBackedSetBuilderImpl                  : loaded 2 times (x 74B)
Class com.google.common.collect.ImmutableSet$RegularSetBuilderImpl                    : loaded 2 times (x 75B)
Class org.gradle.internal.service.CachingServiceLocator                               : loaded 2 times (x 80B)
Class [Lcom.google.common.collect.ImmutableEntry;                                     : loaded 2 times (x 67B)
Class org.gradle.internal.classpath.DefaultClassPath                                  : loaded 2 times (x 88B)
Class com.google.common.base.Splitter$SplittingIterator                               : loaded 2 times (x 82B)
Class Build_gradle$1                                                                  : loaded 2 times (x 76B)
Class com.google.common.base.CharMatcher$Is                                           : loaded 2 times (x 109B)
Class com.google.common.base.Platform                                                 : loaded 2 times (x 69B)
Class com.google.common.collect.RegularImmutableAsList                                : loaded 2 times (x 176B)
Class com.google.common.collect.PeekingIterator                                       : loaded 2 times (x 68B)
Class com.google.common.collect.ImmutableMapEntrySet                                  : loaded 2 times (x 149B)
Class com.google.common.cache.CacheLoader                                             : loaded 2 times (x 72B)
Class com.google.common.collect.ImmutableBiMapFauxverideShim                          : loaded 2 times (x 118B)
Class com.google.common.cache.Cache                                                   : loaded 2 times (x 68B)
Class org.gradle.internal.classloader.SystemClassLoaderSpec                           : loaded 2 times (x 69B)
Class com.google.common.collect.SingletonImmutableSet                                 : loaded 2 times (x 144B)
Class [Lcom.google.common.base.AbstractIterator$State;                                : loaded 2 times (x 67B)
Class com.google.common.collect.ImmutableMap$Builder                                  : loaded 2 times (x 80B)
Class com.google.common.base.AbstractIterator                                         : loaded 2 times (x 78B)
Class com.google.common.base.AbstractIterator$1                                       : loaded 2 times (x 69B)
Class com.google.common.collect.Iterators                                             : loaded 2 times (x 69B)
Class com.google.common.base.CharMatcher$1                                            : loaded 2 times (x 111B)
Class com.google.common.base.CharMatcher$Ascii                                        : loaded 2 times (x 110B)
Class org.gradle.api.UncheckedIOException                                             : loaded 2 times (x 80B)
Class com.google.common.base.CharMatcher$And                                          : loaded 2 times (x 110B)
Class com.google.common.collect.IndexedImmutableSet                                   : loaded 2 times (x 148B)
Class com.google.common.collect.AbstractListMultimap                                  : loaded 2 times (x 170B)
Class com.google.common.base.CharMatcher$Any                                          : loaded 2 times (x 110B)
Class org.gradle.internal.installation.GradleInstallation                             : loaded 2 times (x 73B)
Class com.google.common.collect.ArrayListMultimapGwtSerializationDependencies         : loaded 2 times (x 170B)
Class com.google.common.base.CharMatcher$RangesMatcher                                : loaded 2 times (x 110B)
Class com.google.common.collect.ImmutableList$SubList                                 : loaded 2 times (x 168B)
Class org.gradle.internal.classloader.ClasspathUtil                                   : loaded 2 times (x 69B)
Class com.google.common.base.Splitter$1                                               : loaded 2 times (x 75B)
Class com.google.common.base.Ticker$1                                                 : loaded 2 times (x 70B)
Class com.google.common.collect.Maps$BiMapConverter                                   : loaded 2 times (x 88B)
Class org.gradle.api.internal.DefaultClassPathRegistry                                : loaded 2 times (x 74B)
Class com.google.common.collect.ImmutableSet$SetBuilderImpl                           : loaded 2 times (x 74B)
Class org.gradle.api.internal.classpath.DefaultModuleRegistry$DefaultModule           : loaded 2 times (x 84B)
Class com.google.common.base.CharMatcher$JavaIsoControl                               : loaded 2 times (x 110B)
Class com.google.common.collect.ImmutableMap$1                                        : loaded 2 times (x 79B)
Class com.google.common.base.CharMatcher$Or                                           : loaded 2 times (x 110B)
Class org.gradle.kotlin.dsl.VersionCatalogAccessorsKt                                 : loaded 2 times (x 69B)
Class com.google.common.base.Suppliers$SupplierOfInstance                             : loaded 2 times (x 77B)
Class com.google.common.collect.Iterables                                             : loaded 2 times (x 69B)
Class com.google.common.base.CharMatcher$JavaLowerCase                                : loaded 2 times (x 109B)
Class org.gradle.api.internal.classpath.UnknownModuleException                        : loaded 2 times (x 80B)
Class com.google.common.collect.Maps$EntryTransformer                                 : loaded 2 times (x 68B)
Class com.google.common.collect.ImmutableCollection$Builder                           : loaded 2 times (x 74B)
Class com.google.common.base.CommonPattern                                            : loaded 2 times (x 72B)
Class com.google.common.base.Suppliers                                                : loaded 2 times (x 69B)
Class com.google.common.cache.LoadingCache                                            : loaded 2 times (x 68B)
Class org.gradle.internal.service.ServiceLookupException                              : loaded 2 times (x 80B)
Class org.gradle.cache.GlobalCache                                                    : loaded 2 times (x 68B)
Class com.google.common.base.CharMatcher$NegatedFastMatcher                           : loaded 2 times (x 111B)
Class [Lorg.gradle.api.internal.ClassPathProvider;                                    : loaded 2 times (x 67B)
Class org.gradle.util.internal.GUtil                                                  : loaded 2 times (x 69B)
Class com.google.common.math.IntMath                                                  : loaded 2 times (x 69B)
Class com.google.common.collect.AbstractIterator                                      : loaded 2 times (x 80B)
Class org.gradle.internal.classloader.ClassLoaderSpec                                 : loaded 2 times (x 69B)
Class com.google.common.base.NullnessCasts                                            : loaded 2 times (x 69B)
Class com.google.common.collect.AbstractMapEntry                                      : loaded 2 times (x 79B)
Class com.google.common.base.CharMatcher$Negated                                      : loaded 2 times (x 111B)
Class com.google.common.cache.CacheLoader$1                                           : loaded 2 times (x 73B)
Class com.google.common.collect.ImmutableSet$Builder                                  : loaded 2 times (x 83B)
Class com.google.common.base.CharMatcher$ForPredicate                                 : loaded 2 times (x 110B)
Class com.google.common.collect.ImmutableMap$MapViewOfValuesAsSingletonSets           : loaded 2 times (x 123B)
Class com.google.common.collect.SortedMapDifference                                   : loaded 2 times (x 68B)
Class com.google.common.cache.CacheStats                                              : loaded 2 times (x 69B)
Class org.gradle.internal.classloader.VisitableURLClassLoader                         : loaded 2 times (x 115B)
Class com.google.common.base.Supplier                                                 : loaded 2 times (x 68B)
Class com.google.common.collect.ImmutableBiMap                                        : loaded 2 times (x 141B)
Class org.gradle.internal.Cast                                                        : loaded 2 times (x 69B)
Class Build_gradle                                                                    : loaded 2 times (x 70B)
Class org.gradle.api.internal.ClassPathRegistry                                       : loaded 2 times (x 68B)
Class com.google.common.collect.ImmutableSet                                          : loaded 2 times (x 143B)
Class org.gradle.internal.classloader.VisitableURLClassLoader$InstrumentingVisitableURLClassLoader: loaded 2 times (x 121B)
Class org.gradle.internal.classloader.ClassLoaderHierarchy                            : loaded 2 times (x 68B)
Class com.google.common.base.AbstractIterator$State                                   : loaded 2 times (x 77B)
Class com.google.common.base.CharMatcher$NamedFastMatcher                             : loaded 2 times (x 110B)
Class org.gradle.internal.InternalTransformer                                         : loaded 2 times (x 68B)
Class org.gradle.internal.service.ServiceLocator                                      : loaded 2 times (x 68B)
Class Settings_gradle$1                                                               : loaded 2 times (x 72B)
Class com.google.common.collect.ImmutableMapEntry                                     : loaded 2 times (x 83B)
Class com.google.common.base.CharMatcher$Invisible                                    : loaded 2 times (x 110B)
Class com.google.common.base.CharMatcher$FastMatcher                                  : loaded 2 times (x 109B)
Class org.gradle.internal.classpath.DefaultClassPath$ImmutableUniqueList              : loaded 2 times (x 159B)
Class com.google.common.base.CharMatcher$JavaLetter                                   : loaded 2 times (x 109B)
Class org.gradle.internal.classpath.TransformedClassPath                              : loaded 2 times (x 94B)
Class com.google.common.collect.MapDifference                                         : loaded 2 times (x 68B)
Class Settings_gradle                                                                 : loaded 2 times (x 126B)
Class com.google.common.collect.Platform                                              : loaded 2 times (x 69B)
Class com.google.common.collect.ImmutableAsList                                       : loaded 2 times (x 169B)
Class com.google.common.base.CharMatcher$AnyOf                                        : loaded 2 times (x 110B)
Class com.google.common.base.CharMatcher$IsEither                                     : loaded 2 times (x 109B)
Class com.google.common.collect.RegularImmutableList                                  : loaded 2 times (x 172B)
Class com.google.common.base.CharMatcher$JavaUpperCase                                : loaded 2 times (x 109B)
Class com.google.common.collect.Multiset                                              : loaded 2 times (x 68B)
Class com.google.common.collect.ImmutableSet$CachingAsList                            : loaded 2 times (x 145B)
Class com.google.common.collect.ImmutableMapEntry$NonTerminalImmutableMapEntry        : loaded 2 times (x 83B)
Class com.google.common.collect.AbstractMapBasedMultimap                              : loaded 2 times (x 137B)


---------------  S Y S T E M  ---------------

OS:
 Windows 11 , 64 bit Build 22621 (10.0.22621.3672)
OS uptime: 5 days 6:07 hours
Hyper-V role detected

CPU: total 16 (initial active 16) (8 cores per cpu, 2 threads per core) family 6 model 141 stepping 1 microcode 0x4e, cx8, cmov, fxsr, ht, mmx, 3dnowpref, sse, sse2, sse3, ssse3, sse4.1, sse4.2, popcnt, lzcnt, tsc, tscinvbit, avx, avx2, aes, erms, clmul, bmi1, bmi2, adx, avx512f, avx512dq, avx512cd, avx512bw, avx512vl, sha, fma, vzeroupper, avx512_vpopcntdq, avx512_vpclmulqdq, avx512_vaes, avx512_vnni, clflush, clflushopt, clwb, avx512_vbmi2, avx512_vbmi, hv
Processor Information for all 16 processors :
  Max Mhz: 2304, Current Mhz: 2304, Mhz Limit: 2304

Memory: 4k page, system-wide physical 7829M (216M free)
TotalPageFile size 31381M (AvailPageFile size 16M)
current process WorkingSet (physical memory assigned to process): 308M, peak: 308M
current process commit charge ("private bytes"): 418M, peak: 418M

vm_info: OpenJDK 64-Bit Server VM (17.0.10+0--11572160) for windows-amd64 JRE (17.0.10+0--11572160), built on Mar 13 2024 23:56:38 by "androidbuild" with MS VC++ 16.10 / 16.11 (VS2019)

END.
